开始测试
第 0 分钟
房间1登录成功
房间2登录成功
房间3登录成功
房间4登录成功
房间5登录成功
房间 1 的空调状态是：{'temperature': 32.0, 'status': 2, 'price': '0.5', 'targetTemp': 25.0, 'changeTemp': 0.5}
房间 2 的空调状态是：{'temperature': 28.0, 'status': 0, 'price': None, 'targetTemp': None, 'changeTemp': None}
房间 3 的空调状态是：{'temperature': 30.0, 'status': 0, 'price': None, 'targetTemp': None, 'changeTemp': None}
房间 4 的空调状态是：{'temperature': 29.0, 'status': 0, 'price': None, 'targetTemp': None, 'changeTemp': None}
房间 5 的空调状态是：{'temperature': 35.0, 'status': 0, 'price': None, 'targetTemp': None, 'changeTemp': None}


第 1 分钟
房间 1 的空调状态是：{'temperature': 31.499999999999993, 'status': 2, 'price': '0.5', 'targetTemp': 18.0, 'changeTemp': 0.5}
房间 2 的空调状态是：{'temperature': 28.0, 'status': 4, 'price': None, 'targetTemp': None, 'changeTemp': None}
房间 3 的空调状态是：{'temperature': 30.0, 'status': 0, 'price': None, 'targetTemp': None, 'changeTemp': None}
房间 4 的空调状态是：{'temperature': 29.0, 'status': 0, 'price': None, 'targetTemp': None, 'changeTemp': None}
房间 5 的空调状态是：{'temperature': 35.0, 'status': 4, 'price': None, 'targetTemp': None, 'changeTemp': None}


第 2 分钟
房间 1 的空调状态是：{'temperature': 30.999999999999986, 'status': 2, 'price': '0.5', 'targetTemp': 18.0, 'changeTemp': 0.5}
房间 2 的空调状态是：{'temperature': 28.0, 'status': 4, 'price': None, 'targetTemp': None, 'changeTemp': None}
房间 3 的空调状态是：{'temperature': 30.0, 'status': 4, 'price': None, 'targetTemp': None, 'changeTemp': None}
房间 4 的空调状态是：{'temperature': 29.0, 'status': 0, 'price': None, 'targetTemp': None, 'changeTemp': None}
房间 5 的空调状态是：{'temperature': 35.0, 'status': 4, 'price': None, 'targetTemp': None, 'changeTemp': None}


第 3 分钟
房间 1 的空调状态是：{'temperature': 30.54999999999998, 'status': 0, 'price': None, 'targetTemp': None, 'changeTemp': None}
房间 2 的空调状态是：{'temperature': 27.549999999999994, 'status': 4, 'price': None, 'targetTemp': None, 'changeTemp': None}
房间 3 的空调状态是：{'temperature': 30.0, 'status': 2, 'price': '0.5', 'targetTemp': 25.0, 'changeTemp': 0.5}
房间 4 的空调状态是：{'temperature': 29.0, 'status': 4, 'price': None, 'targetTemp': None, 'changeTemp': None}
房间 5 的空调状态是：{'temperature': 34.550000000000026, 'status': 2, 'price': '0.5', 'targetTemp': 25.0, 'changeTemp': 0.5}


第 4 分钟
房间 1 的空调状态是：{'temperature': 31.049999999999986, 'status': 0, 'price': None, 'targetTemp': None, 'changeTemp': None}
房间 2 的空调状态是：{'temperature': 27.95, 'status': 4, 'price': None, 'targetTemp': None, 'changeTemp': None}
房间 3 的空调状态是：{'temperature': 29.499999999999993, 'status': 2, 'price': '0.5', 'targetTemp': 25.0, 'changeTemp': 0.5}
房间 4 的空调状态是：{'temperature': 29.0, 'status': 4, 'price': None, 'targetTemp': None, 'changeTemp': None}
房间 5 的空调状态是：{'temperature': 34.050000000000054, 'status': 4, 'price': None, 'targetTemp': None, 'changeTemp': None}


第 5 分钟
房间 1 的空调状态是：{'temperature': 31.549999999999994, 'status': 3, 'price': '1', 'targetTemp': 25.0, 'changeTemp': 1.0}
房间 2 的空调状态是：{'temperature': 27.95, 'status': 4, 'price': None, 'targetTemp': None, 'changeTemp': None}
房间 3 的空调状态是：{'temperature': 29.049999999999986, 'status': 0, 'price': None, 'targetTemp': None, 'changeTemp': None}
房间 4 的空调状态是：{'temperature': 29.0, 'status': 2, 'price': '0.5', 'targetTemp': 25.0, 'changeTemp': 0.5}
房间 5 的空调状态是：{'temperature': 34.550000000000026, 'status': 2, 'price': '0.5', 'targetTemp': 22.0, 'changeTemp': 0.5}


第 6 分钟
房间 1 的空调状态是：{'temperature': 30.54999999999998, 'status': 3, 'price': '1', 'targetTemp': 25.0, 'changeTemp': 1.0}
房间 2 的空调状态是：{'temperature': 27.95, 'status': 4, 'price': None, 'targetTemp': None, 'changeTemp': None}
房间 3 的空调状态是：{'temperature': 29.549999999999994, 'status': 0, 'price': None, 'targetTemp': None, 'changeTemp': None}
房间 4 的空调状态是：{'temperature': 28.499999999999993, 'status': 2, 'price': '0.5', 'targetTemp': 25.0, 'changeTemp': 0.5}
房间 5 的空调状态是：{'temperature': 34.050000000000054, 'status': 2, 'price': '0.5', 'targetTemp': 22.0, 'changeTemp': 0.5}


第 7 分钟
房间 1 的空调状态是：{'temperature': 29.649999999999967, 'status': 3, 'price': '1', 'targetTemp': 25.0, 'changeTemp': 1.0}
房间 2 的空调状态是：{'temperature': 27.95, 'status': 4, 'price': None, 'targetTemp': None, 'changeTemp': None}
房间 3 的空调状态是：{'temperature': 29.95, 'status': 2, 'price': '0.5', 'targetTemp': 25.0, 'changeTemp': 0.5}
房间 4 的空调状态是：{'temperature': 28.049999999999986, 'status': 2, 'price': '0.5', 'targetTemp': 25.0, 'changeTemp': 0.5}
房间 5 的空调状态是：{'temperature': 33.60000000000008, 'status': 3, 'price': '1', 'targetTemp': 25.0, 'changeTemp': 1.0}


第 8 分钟
房间 1 的空调状态是：{'temperature': 28.649999999999952, 'status': 3, 'price': '1', 'targetTemp': 25.0, 'changeTemp': 1.0}
房间 2 的空调状态是：{'temperature': 27.95, 'status': 4, 'price': None, 'targetTemp': None, 'changeTemp': None}
房间 3 的空调状态是：{'temperature': 29.449999999999992, 'status': 2, 'price': '0.5', 'targetTemp': 25.0, 'changeTemp': 0.5}
房间 4 的空调状态是：{'temperature': 27.54999999999998, 'status': 2, 'price': '0.5', 'targetTemp': 25.0, 'changeTemp': 0.5}
房间 5 的空调状态是：{'temperature': 32.600000000000065, 'status': 3, 'price': '1', 'targetTemp': 25.0, 'changeTemp': 1.0}


第 9 分钟
房间 1 的空调状态是：{'temperature': 27.74999999999994, 'status': 4, 'price': None, 'targetTemp': None, 'changeTemp': None}
房间 2 的空调状态是：{'temperature': 27.95, 'status': 2, 'price': '0.5', 'targetTemp': 25.0, 'changeTemp': 0.5}
房间 3 的空调状态是：{'temperature': 28.999999999999986, 'status': 0, 'price': None, 'targetTemp': None, 'changeTemp': None}
房间 4 的空调状态是：{'temperature': 27.099999999999973, 'status': 3, 'price': '1', 'targetTemp': 18.0, 'changeTemp': 1.0}
房间 5 的空调状态是：{'temperature': 31.700000000000053, 'status': 3, 'price': '1', 'targetTemp': 25.0, 'changeTemp': 1.0}


第 10 分钟
房间 1 的空调状态是：{'temperature': 28.249999999999947, 'status': 4, 'price': None, 'targetTemp': None, 'changeTemp': None}
房间 2 的空调状态是：{'temperature': 27.449999999999992, 'status': 2, 'price': '0.5', 'targetTemp': 25.0, 'changeTemp': 0.5}
房间 3 的空调状态是：{'temperature': 29.499999999999993, 'status': 0, 'price': None, 'targetTemp': None, 'changeTemp': None}
房间 4 的空调状态是：{'temperature': 26.09999999999996, 'status': 3, 'price': '1', 'targetTemp': 18.0, 'changeTemp': 1.0}
房间 5 的空调状态是：{'temperature': 30.70000000000004, 'status': 3, 'price': '1', 'targetTemp': 25.0, 'changeTemp': 1.0}


第 11 分钟
房间 1 的空调状态是：{'temperature': 28.749999999999954, 'status': 2, 'price': '0.5', 'targetTemp': 22.0, 'changeTemp': 0.5}
房间 2 的空调状态是：{'temperature': 26.999999999999986, 'status': 4, 'price': None, 'targetTemp': None, 'changeTemp': None}
房间 3 的空调状态是：{'temperature': 29.95, 'status': 2, 'price': '0.5', 'targetTemp': 25.0, 'changeTemp': 0.5}
房间 4 的空调状态是：{'temperature': 25.199999999999946, 'status': 3, 'price': '1', 'targetTemp': 18.0, 'changeTemp': 1.0}
房间 5 的空调状态是：{'temperature': 29.800000000000026, 'status': 3, 'price': '1', 'targetTemp': 25.0, 'changeTemp': 1.0}


第 12 分钟
房间 1 的空调状态是：{'temperature': 28.249999999999947, 'status': 2, 'price': '0.5', 'targetTemp': 22.0, 'changeTemp': 0.5}
房间 2 的空调状态是：{'temperature': 27.499999999999993, 'status': 4, 'price': None, 'targetTemp': None, 'changeTemp': None}
房间 3 的空调状态是：{'temperature': 29.449999999999992, 'status': 2, 'price': '0.5', 'targetTemp': 25.0, 'changeTemp': 0.5}
房间 4 的空调状态是：{'temperature': 24.199999999999932, 'status': 3, 'price': '1', 'targetTemp': 18.0, 'changeTemp': 1.0}
房间 5 的空调状态是：{'temperature': 28.80000000000001, 'status': 4, 'price': None, 'targetTemp': None, 'changeTemp': None}


第 13 分钟
房间 1 的空调状态是：{'temperature': 27.79999999999994, 'status': 0, 'price': None, 'targetTemp': None, 'changeTemp': None}
房间 2 的空调状态是：{'temperature': 27.95, 'status': 4, 'price': None, 'targetTemp': None, 'changeTemp': None}
房间 3 的空调状态是：{'temperature': 28.999999999999986, 'status': 2, 'price': '0.5', 'targetTemp': 25.0, 'changeTemp': 0.5}
房间 4 的空调状态是：{'temperature': 23.29999999999992, 'status': 3, 'price': '1', 'targetTemp': 18.0, 'changeTemp': 1.0}
房间 5 的空调状态是：{'temperature': 29.30000000000002, 'status': 4, 'price': None, 'targetTemp': None, 'changeTemp': None}


第 14 分钟
房间 1 的空调状态是：{'temperature': 28.299999999999947, 'status': 0, 'price': None, 'targetTemp': None, 'changeTemp': None}
房间 2 的空调状态是：{'temperature': 27.95, 'status': 4, 'price': None, 'targetTemp': None, 'changeTemp': None}
房间 3 的空调状态是：{'temperature': 28.49999999999998, 'status': 4, 'price': None, 'targetTemp': None, 'changeTemp': None}
房间 4 的空调状态是：{'temperature': 22.299999999999905, 'status': 3, 'price': '1', 'targetTemp': 18.0, 'changeTemp': 1.0}
房间 5 的空调状态是：{'temperature': 29.800000000000026, 'status': 4, 'price': None, 'targetTemp': None, 'changeTemp': None}


第 15 分钟
房间 1 的空调状态是：{'temperature': 28.799999999999955, 'status': 2, 'price': '0.5', 'targetTemp': 22.0, 'changeTemp': 0.5}
房间 2 的空调状态是：{'temperature': 27.95, 'status': 2, 'price': '0.5', 'targetTemp': 22.0, 'changeTemp': 0.5}
房间 3 的空调状态是：{'temperature': 28.999999999999986, 'status': 4, 'price': None, 'targetTemp': None, 'changeTemp': None}
房间 4 的空调状态是：{'temperature': 21.399999999999892, 'status': 3, 'price': '1', 'targetTemp': 18.0, 'changeTemp': 1.0}
房间 5 的空调状态是：{'temperature': 30.300000000000033, 'status': 4, 'price': None, 'targetTemp': None, 'changeTemp': None}


第 16 分钟
房间 1 的空调状态是：{'temperature': 28.299999999999947, 'status': 2, 'price': '0.5', 'targetTemp': 22.0, 'changeTemp': 0.5}
房间 2 的空调状态是：{'temperature': 27.449999999999992, 'status': 0, 'price': None, 'targetTemp': None, 'changeTemp': None}
房间 3 的空调状态是：{'temperature': 29.499999999999993, 'status': 4, 'price': None, 'targetTemp': None, 'changeTemp': None}
房间 4 的空调状态是：{'temperature': 20.399999999999878, 'status': 3, 'price': '1', 'targetTemp': 18.0, 'changeTemp': 1.0}
房间 5 的空调状态是：{'temperature': 30.80000000000004, 'status': 3, 'price': '1', 'targetTemp': 20.0, 'changeTemp': 1.0}


第 17 分钟
房间 1 的空调状态是：{'temperature': 27.84999999999994, 'status': 2, 'price': '0.5', 'targetTemp': 22.0, 'changeTemp': 0.5}
房间 2 的空调状态是：{'temperature': 27.95, 'status': 0, 'price': None, 'targetTemp': None, 'changeTemp': None}
房间 3 的空调状态是：{'temperature': 29.95, 'status': 4, 'price': None, 'targetTemp': None, 'changeTemp': None}
房间 4 的空调状态是：{'temperature': 19.499999999999865, 'status': 3, 'price': '1', 'targetTemp': 18.0, 'changeTemp': 1.0}
房间 5 的空调状态是：{'temperature': 29.800000000000026, 'status': 3, 'price': '1', 'targetTemp': 20.0, 'changeTemp': 1.0}


第 18 分钟
房间 1 的空调状态是：{'temperature': 27.349999999999934, 'status': 4, 'price': None, 'targetTemp': None, 'changeTemp': None}
房间 2 的空调状态是：{'temperature': 27.95, 'status': 0, 'price': None, 'targetTemp': None, 'changeTemp': None}
房间 3 的空调状态是：{'temperature': 29.95, 'status': 3, 'price': '1', 'targetTemp': 25.0, 'changeTemp': 1.0}
房间 4 的空调状态是：{'temperature': 18.49999999999985, 'status': 4, 'price': None, 'targetTemp': None, 'changeTemp': None}
房间 5 的空调状态是：{'temperature': 28.900000000000013, 'status': 3, 'price': '1', 'targetTemp': 20.0, 'changeTemp': 1.0}


第 19 分钟
房间 1 的空调状态是：{'temperature': 27.84999999999994, 'status': 4, 'price': None, 'targetTemp': None, 'changeTemp': None}
房间 2 的空调状态是：{'temperature': 27.95, 'status': 4, 'price': None, 'targetTemp': None, 'changeTemp': None}
房间 3 的空调状态是：{'temperature': 28.949999999999985, 'status': 3, 'price': '1', 'targetTemp': 25.0, 'changeTemp': 1.0}
房间 4 的空调状态是：{'temperature': 18.999999999999858, 'status': 4, 'price': None, 'targetTemp': None, 'changeTemp': None}
房间 5 的空调状态是：{'temperature': 27.9, 'status': 3, 'price': '1', 'targetTemp': 20.0, 'changeTemp': 1.0}


第 20 分钟
房间 1 的空调状态是：{'temperature': 28.349999999999948, 'status': 2, 'price': '0.5', 'targetTemp': 25.0, 'changeTemp': 0.5}
房间 2 的空调状态是：{'temperature': 27.95, 'status': 4, 'price': None, 'targetTemp': None, 'changeTemp': None}
房间 3 的空调状态是：{'temperature': 28.049999999999972, 'status': 3, 'price': '1', 'targetTemp': 25.0, 'changeTemp': 1.0}
房间 4 的空调状态是：{'temperature': 19.499999999999865, 'status': 2, 'price': '0.5', 'targetTemp': 20.0, 'changeTemp': 0.5}
房间 5 的空调状态是：{'temperature': 26.999999999999986, 'status': 4, 'price': None, 'targetTemp': None, 'changeTemp': None}


第 21 分钟
房间 1 的空调状态是：{'temperature': 27.84999999999994, 'status': 2, 'price': '0.5', 'targetTemp': 25.0, 'changeTemp': 0.5}
房间 2 的空调状态是：{'temperature': 27.95, 'status': 4, 'price': None, 'targetTemp': None, 'changeTemp': None}
房间 3 的空调状态是：{'temperature': 27.049999999999958, 'status': 3, 'price': '1', 'targetTemp': 25.0, 'changeTemp': 1.0}
房间 4 的空调状态是：{'temperature': 19.94999999999987, 'status': 4, 'price': None, 'targetTemp': None, 'changeTemp': None}
房间 5 的空调状态是：{'temperature': 27.499999999999993, 'status': 4, 'price': None, 'targetTemp': None, 'changeTemp': None}


第 22 分钟
房间 1 的空调状态是：{'temperature': 27.399999999999935, 'status': 0, 'price': None, 'targetTemp': None, 'changeTemp': None}
房间 2 的空调状态是：{'temperature': 27.95, 'status': 4, 'price': None, 'targetTemp': None, 'changeTemp': None}
房间 3 的空调状态是：{'temperature': 26.149999999999945, 'status': 0, 'price': None, 'targetTemp': None, 'changeTemp': None}
房间 4 的空调状态是：{'temperature': 20.44999999999988, 'status': 2, 'price': '0.5', 'targetTemp': 20.0, 'changeTemp': 0.5}
房间 5 的空调状态是：{'temperature': 28.0, 'status': 2, 'price': '0.5', 'targetTemp': 25.0, 'changeTemp': 0.5}


第 23 分钟
房间 1 的空调状态是：{'temperature': 27.89999999999994, 'status': 0, 'price': None, 'targetTemp': None, 'changeTemp': None}
房间 2 的空调状态是：{'temperature': 27.95, 'status': 2, 'price': '0.5', 'targetTemp': 25.0, 'changeTemp': 0.5}
房间 3 的空调状态是：{'temperature': 26.649999999999952, 'status': 0, 'price': None, 'targetTemp': None, 'changeTemp': None}
房间 4 的空调状态是：{'temperature': 20.199999999999875, 'status': 4, 'price': None, 'targetTemp': None, 'changeTemp': None}
房间 5 的空调状态是：{'temperature': 27.499999999999993, 'status': 0, 'price': None, 'targetTemp': None, 'changeTemp': None}


第 24 分钟
房间 1 的空调状态是：{'temperature': 28.39999999999995, 'status': 0, 'price': None, 'targetTemp': None, 'changeTemp': None}
房间 2 的空调状态是：{'temperature': 27.449999999999992, 'status': 2, 'price': '0.5', 'targetTemp': 25.0, 'changeTemp': 0.5}
房间 3 的空调状态是：{'temperature': 27.14999999999996, 'status': 0, 'price': None, 'targetTemp': None, 'changeTemp': None}
房间 4 的空调状态是：{'temperature': 20.699999999999882, 'status': 2, 'price': '0.5', 'targetTemp': 20.0, 'changeTemp': 0.5}
房间 5 的空调状态是：{'temperature': 28.0, 'status': 0, 'price': None, 'targetTemp': None, 'changeTemp': None}


第 25 分钟
房间 1 的空调状态是：{'temperature': 28.899999999999956, 'status': 0, 'price': None, 'targetTemp': None, 'changeTemp': None}
房间 2 的空调状态是：{'temperature': 26.999999999999986, 'status': 2, 'price': '0.5', 'targetTemp': 25.0, 'changeTemp': 0.5}
房间 3 的空调状态是：{'temperature': 27.649999999999967, 'status': 0, 'price': None, 'targetTemp': None, 'changeTemp': None}
房间 4 的空调状态是：{'temperature': 20.199999999999875, 'status': 0, 'price': None, 'targetTemp': None, 'changeTemp': None}
房间 5 的空调状态是：{'temperature': 28.500000000000007, 'status': 0, 'price': None, 'targetTemp': None, 'changeTemp': None}
