开始测试
第 0 分钟
房间1登录成功
房间2登录成功
房间3登录成功
房间4登录成功
房间5登录成功
房间 1 的空调状态是：{'temperature': 32.0, 'status': 2, 'price': '0.5', 'targetTemp': 25.0, 'changeTemp': 0.5, 'currentPrice': '0', 'totalPrice': '0'}
房间 2 的空调状态是：{'temperature': 28.0, 'status': 0, 'price': '0', 'targetTemp': 28.0, 'changeTemp': 0.5, 'currentPrice': '0', 'totalPrice': '0'}
房间 3 的空调状态是：{'temperature': 30.0, 'status': 0, 'price': '0', 'targetTemp': 30.0, 'changeTemp': 0.5, 'currentPrice': '0', 'totalPrice': '0'}
房间 4 的空调状态是：{'temperature': 29.0, 'status': 0, 'price': '0', 'targetTemp': 29.0, 'changeTemp': 0.5, 'currentPrice': '0', 'totalPrice': '0'}
房间 5 的空调状态是：{'temperature': 35.0, 'status': 0, 'price': '0', 'targetTemp': 35.0, 'changeTemp': 0.5, 'currentPrice': '0', 'totalPrice': '0'}
2024-05-17 03:51:39.005000
2024-05-17 03:52:39.005000


第 1 分钟
房间 1 的空调状态是：{'temperature': 31.499999999999993, 'status': 2, 'price': '0.5', 'targetTemp': 18.0, 'changeTemp': 0.5, 'currentPrice': '0.49980', 'totalPrice': '0'}
房间 2 的空调状态是：{'temperature': 28.0, 'status': 2, 'price': '0.5', 'targetTemp': 25.0, 'changeTemp': 0.5, 'currentPrice': '0', 'totalPrice': '0'}
房间 3 的空调状态是：{'temperature': 30.0, 'status': 0, 'price': '0', 'targetTemp': 30.0, 'changeTemp': 0.5, 'currentPrice': '0', 'totalPrice': '0'}
房间 4 的空调状态是：{'temperature': 29.0, 'status': 0, 'price': '0', 'targetTemp': 29.0, 'changeTemp': 0.5, 'currentPrice': '0', 'totalPrice': '0'}
房间 5 的空调状态是：{'temperature': 35.0, 'status': 2, 'price': '0.5', 'targetTemp': 25.0, 'changeTemp': 0.5, 'currentPrice': '0', 'totalPrice': '0'}
2024-05-17 03:52:39.005000
2024-05-17 03:53:39.005000


第 2 分钟
房间 1 的空调状态是：{'temperature': 30.999999999999986, 'status': 2, 'price': '0.5', 'targetTemp': 18.0, 'changeTemp': 0.5, 'currentPrice': '0.99960', 'totalPrice': '0'}
房间 2 的空调状态是：{'temperature': 27.499999999999993, 'status': 2, 'price': '0.5', 'targetTemp': 25.0, 'changeTemp': 0.5, 'currentPrice': '0.49980', 'totalPrice': '0'}
房间 3 的空调状态是：{'temperature': 30.0, 'status': 4, 'price': '0.5', 'targetTemp': 25.0, 'changeTemp': 0.5, 'currentPrice': '0', 'totalPrice': '0'}
房间 4 的空调状态是：{'temperature': 29.0, 'status': 0, 'price': '0', 'targetTemp': 29.0, 'changeTemp': 0.5, 'currentPrice': '0', 'totalPrice': '0'}
房间 5 的空调状态是：{'temperature': 34.50000000000003, 'status': 2, 'price': '0.5', 'targetTemp': 25.0, 'changeTemp': 0.5, 'currentPrice': '0.49980', 'totalPrice': '0'}
2024-05-17 03:53:39.005000
2024-05-17 03:54:39.005000


第 3 分钟
房间 1 的空调状态是：{'temperature': 30.49999999999998, 'status': 2, 'price': '0.5', 'targetTemp': 18.0, 'changeTemp': 0.5, 'currentPrice': '1.49940', 'totalPrice': '0'}
房间 2 的空调状态是：{'temperature': 27.049999999999986, 'status': 4, 'price': '0.5', 'targetTemp': 19.0, 'changeTemp': 0.5, 'currentPrice': '0', 'totalPrice': '0.94962'}
房间 3 的空调状态是：{'temperature': 30.0, 'status': 2, 'price': '0.5', 'targetTemp': 25.0, 'changeTemp': 0.5, 'currentPrice': '0', 'totalPrice': '0'}
房间 4 的空调状态是：{'temperature': 29.0, 'status': 4, 'price': '0.5', 'targetTemp': 25.0, 'changeTemp': 0.5, 'currentPrice': '0', 'totalPrice': '0'}
房间 5 的空调状态是：{'temperature': 34.050000000000054, 'status': 2, 'price': '0.5', 'targetTemp': 25.0, 'changeTemp': 0.5, 'currentPrice': '0', 'totalPrice': '0.94962'}
2024-05-17 03:54:39.005000
2024-05-17 03:55:39.005000


第 4 分钟
房间 1 的空调状态是：{'temperature': 30.049999999999972, 'status': 0, 'price': '0', 'targetTemp': 32.0, 'changeTemp': 0.5, 'currentPrice': '0', 'totalPrice': '1.94922'}
房间 2 的空调状态是：{'temperature': 27.549999999999994, 'status': 2, 'price': '0.5', 'targetTemp': 19.0, 'changeTemp': 0.5, 'currentPrice': '0', 'totalPrice': '0.94962'}
房间 3 的空调状态是：{'temperature': 29.499999999999993, 'status': 2, 'price': '0.5', 'targetTemp': 25.0, 'changeTemp': 0.5, 'currentPrice': '0.49980', 'totalPrice': '0'}
房间 4 的空调状态是：{'temperature': 29.0, 'status': 4, 'price': '0.5', 'targetTemp': 25.0, 'changeTemp': 0.5, 'currentPrice': '0', 'totalPrice': '0'}
房间 5 的空调状态是：{'temperature': 33.55000000000008, 'status': 2, 'price': '0.5', 'targetTemp': 22.0, 'changeTemp': 0.5, 'currentPrice': '0.49980', 'totalPrice': '0.94962'}
2024-05-17 03:55:39.005000
2024-05-17 03:56:39.005000


第 5 分钟
房间 1 的空调状态是：{'temperature': 30.54999999999998, 'status': 3, 'price': '1', 'targetTemp': 18.0, 'changeTemp': 1.0, 'currentPrice': '0', 'totalPrice': '1.94922'}
房间 2 的空调状态是：{'temperature': 27.049999999999986, 'status': 4, 'price': '0.5', 'targetTemp': 19.0, 'changeTemp': 0.5, 'currentPrice': '0', 'totalPrice': '1.44942'}
房间 3 的空调状态是：{'temperature': 29.049999999999986, 'status': 0, 'price': '0', 'targetTemp': 30.0, 'changeTemp': 0.5, 'currentPrice': '0', 'totalPrice': '0.94962'}
房间 4 的空调状态是：{'temperature': 29.0, 'status': 2, 'price': '0.5', 'targetTemp': 25.0, 'changeTemp': 0.5, 'currentPrice': '0', 'totalPrice': '0'}
房间 5 的空调状态是：{'temperature': 33.10000000000011, 'status': 2, 'price': '0.5', 'targetTemp': 22.0, 'changeTemp': 0.5, 'currentPrice': '0', 'totalPrice': '1.89924'}
2024-05-17 03:56:39.005000
2024-05-17 03:57:39.005000


第 6 分钟
房间 1 的空调状态是：{'temperature': 29.549999999999965, 'status': 3, 'price': '1', 'targetTemp': 18.0, 'changeTemp': 1.0, 'currentPrice': '1.00020', 'totalPrice': '1.94922'}
房间 2 的空调状态是：{'temperature': 27.549999999999994, 'status': 0, 'price': '0', 'targetTemp': 28.0, 'changeTemp': 0.5, 'currentPrice': '0', 'totalPrice': '1.44942'}
房间 3 的空调状态是：{'temperature': 29.549999999999994, 'status': 0, 'price': '0', 'targetTemp': 30.0, 'changeTemp': 0.5, 'currentPrice': '0', 'totalPrice': '0.94962'}
房间 4 的空调状态是：{'temperature': 28.499999999999993, 'status': 2, 'price': '0.5', 'targetTemp': 25.0, 'changeTemp': 0.5, 'currentPrice': '0.49980', 'totalPrice': '0'}
房间 5 的空调状态是：{'temperature': 32.600000000000136, 'status': 2, 'price': '0.5', 'targetTemp': 22.0, 'changeTemp': 0.5, 'currentPrice': '0.49980', 'totalPrice': '1.89924'}
2024-05-17 03:57:39.005000
2024-05-17 03:58:39.005000


第 7 分钟
房间 1 的空调状态是：{'temperature': 28.649999999999952, 'status': 3, 'price': '1', 'targetTemp': 18.0, 'changeTemp': 1.0, 'currentPrice': '0', 'totalPrice': '3.84960'}
房间 2 的空调状态是：{'temperature': 27.95, 'status': 4, 'price': '0.5', 'targetTemp': 19.0, 'changeTemp': 0.5, 'currentPrice': '0', 'totalPrice': '1.44942'}
房间 3 的空调状态是：{'temperature': 29.95, 'status': 4, 'price': '0.5', 'targetTemp': 25.0, 'changeTemp': 0.5, 'currentPrice': '0', 'totalPrice': '0.94962'}
房间 4 的空调状态是：{'temperature': 28.049999999999986, 'status': 2, 'price': '0.5', 'targetTemp': 25.0, 'changeTemp': 0.5, 'currentPrice': '0', 'totalPrice': '0.94962'}
房间 5 的空调状态是：{'temperature': 32.15000000000016, 'status': 3, 'price': '1', 'targetTemp': 22.0, 'changeTemp': 1.0, 'currentPrice': '0', 'totalPrice': '2.84886'}
2024-05-17 03:58:39.005000
2024-05-17 03:59:39.005000


第 8 分钟
房间 1 的空调状态是：{'temperature': 27.649999999999938, 'status': 3, 'price': '1', 'targetTemp': 18.0, 'changeTemp': 1.0, 'currentPrice': '1.00020', 'totalPrice': '3.84960'}
房间 2 的空调状态是：{'temperature': 27.95, 'status': 4, 'price': '0.5', 'targetTemp': 19.0, 'changeTemp': 0.5, 'currentPrice': '0', 'totalPrice': '1.44942'}
房间 3 的空调状态是：{'temperature': 29.95, 'status': 4, 'price': '0.5', 'targetTemp': 25.0, 'changeTemp': 0.5, 'currentPrice': '0', 'totalPrice': '0.94962'}
房间 4 的空调状态是：{'temperature': 27.54999999999998, 'status': 2, 'price': '0.5', 'targetTemp': 25.0, 'changeTemp': 0.5, 'currentPrice': '0.49980', 'totalPrice': '0.94962'}
房间 5 的空调状态是：{'temperature': 31.150000000000148, 'status': 3, 'price': '1', 'targetTemp': 22.0, 'changeTemp': 1.0, 'currentPrice': '1.00020', 'totalPrice': '2.84886'}
2024-05-17 03:59:39.005000
2024-05-17 04:00:39.005000


第 9 分钟
房间 1 的空调状态是：{'temperature': 26.749999999999925, 'status': 3, 'price': '1', 'targetTemp': 22.0, 'changeTemp': 1.0, 'currentPrice': '0', 'totalPrice': '5.74998'}
房间 2 的空调状态是：{'temperature': 27.95, 'status': 4, 'price': '0.5', 'targetTemp': 19.0, 'changeTemp': 0.5, 'currentPrice': '0', 'totalPrice': '1.44942'}
房间 3 的空调状态是：{'temperature': 29.95, 'status': 4, 'price': '0.5', 'targetTemp': 25.0, 'changeTemp': 0.5, 'currentPrice': '0', 'totalPrice': '0.94962'}
房间 4 的空调状态是：{'temperature': 27.099999999999973, 'status': 3, 'price': '1', 'targetTemp': 18.0, 'changeTemp': 1.0, 'currentPrice': '0', 'totalPrice': '1.89924'}
房间 5 的空调状态是：{'temperature': 30.250000000000135, 'status': 3, 'price': '1', 'targetTemp': 22.0, 'changeTemp': 1.0, 'currentPrice': '0', 'totalPrice': '4.74924'}
2024-05-17 04:00:39.005000
2024-05-17 04:01:39.005000


第 10 分钟
房间 1 的空调状态是：{'temperature': 25.74999999999991, 'status': 3, 'price': '1', 'targetTemp': 22.0, 'changeTemp': 1.0, 'currentPrice': '1.00020', 'totalPrice': '5.74998'}
房间 2 的空调状态是：{'temperature': 27.95, 'status': 4, 'price': '0.5', 'targetTemp': 19.0, 'changeTemp': 0.5, 'currentPrice': '0', 'totalPrice': '1.44942'}
房间 3 的空调状态是：{'temperature': 29.95, 'status': 4, 'price': '0.5', 'targetTemp': 25.0, 'changeTemp': 0.5, 'currentPrice': '0', 'totalPrice': '0.94962'}
房间 4 的空调状态是：{'temperature': 26.09999999999996, 'status': 3, 'price': '1', 'targetTemp': 18.0, 'changeTemp': 1.0, 'currentPrice': '1.00020', 'totalPrice': '1.89924'}
房间 5 的空调状态是：{'temperature': 29.25000000000012, 'status': 3, 'price': '1', 'targetTemp': 22.0, 'changeTemp': 1.0, 'currentPrice': '1.00020', 'totalPrice': '4.74924'}
2024-05-17 04:01:39.005000
2024-05-17 04:02:39.005000


第 11 分钟
房间 1 的空调状态是：{'temperature': 24.8499999999999, 'status': 3, 'price': '1', 'targetTemp': 22.0, 'changeTemp': 1.0, 'currentPrice': '0', 'totalPrice': '7.65036'}
房间 2 的空调状态是：{'temperature': 27.95, 'status': 4, 'price': '0.5', 'targetTemp': 22.0, 'changeTemp': 0.5, 'currentPrice': '0', 'totalPrice': '1.44942'}
房间 3 的空调状态是：{'temperature': 29.95, 'status': 4, 'price': '0.5', 'targetTemp': 25.0, 'changeTemp': 0.5, 'currentPrice': '0', 'totalPrice': '0.94962'}
房间 4 的空调状态是：{'temperature': 25.199999999999946, 'status': 3, 'price': '1', 'targetTemp': 18.0, 'changeTemp': 1.0, 'currentPrice': '0', 'totalPrice': '3.79962'}
房间 5 的空调状态是：{'temperature': 28.350000000000108, 'status': 3, 'price': '1', 'targetTemp': 22.0, 'changeTemp': 1.0, 'currentPrice': '0', 'totalPrice': '6.64962'}
2024-05-17 04:02:39.005000
2024-05-17 04:03:39.005000


第 12 分钟
房间 1 的空调状态是：{'temperature': 23.849999999999884, 'status': 3, 'price': '1', 'targetTemp': 22.0, 'changeTemp': 1.0, 'currentPrice': '1.00020', 'totalPrice': '7.65036'}
房间 2 的空调状态是：{'temperature': 27.95, 'status': 4, 'price': '0.5', 'targetTemp': 22.0, 'changeTemp': 0.5, 'currentPrice': '0', 'totalPrice': '1.44942'}
房间 3 的空调状态是：{'temperature': 29.95, 'status': 2, 'price': '0.5', 'targetTemp': 25.0, 'changeTemp': 0.5, 'currentPrice': '0', 'totalPrice': '0.94962'}
房间 4 的空调状态是：{'temperature': 24.199999999999932, 'status': 3, 'price': '1', 'targetTemp': 18.0, 'changeTemp': 1.0, 'currentPrice': '1.00020', 'totalPrice': '3.79962'}
房间 5 的空调状态是：{'temperature': 27.350000000000094, 'status': 4, 'price': '0.333', 'targetTemp': 22.0, 'changeTemp': 0.333, 'currentPrice': '0', 'totalPrice': '7.64982'}
2024-05-17 04:03:39.005000
2024-05-17 04:04:39.005000


第 13 分钟
房间 1 的空调状态是：{'temperature': 22.94999999999987, 'status': 3, 'price': '1', 'targetTemp': 22.0, 'changeTemp': 1.0, 'currentPrice': '0', 'totalPrice': '9.55074'}
房间 2 的空调状态是：{'temperature': 27.95, 'status': 2, 'price': '0.5', 'targetTemp': 22.0, 'changeTemp': 0.5, 'currentPrice': '0', 'totalPrice': '1.44942'}
房间 3 的空调状态是：{'temperature': 29.449999999999992, 'status': 4, 'price': '0.5', 'targetTemp': 25.0, 'changeTemp': 0.5, 'currentPrice': '0', 'totalPrice': '1.44942'}
房间 4 的空调状态是：{'temperature': 23.29999999999992, 'status': 3, 'price': '1', 'targetTemp': 18.0, 'changeTemp': 1.0, 'currentPrice': '0', 'totalPrice': '5.70000'}
房间 5 的空调状态是：{'temperature': 27.8500000000001, 'status': 4, 'price': '0.333', 'targetTemp': 22.0, 'changeTemp': 0.333, 'currentPrice': '0', 'totalPrice': '7.64982'}
2024-05-17 04:04:39.005000
2024-05-17 04:05:39.005000


第 14 分钟
房间 1 的空调状态是：{'temperature': 22.04999999999986, 'status': 0, 'price': '0', 'targetTemp': 32.0, 'changeTemp': 0.5, 'currentPrice': '0', 'totalPrice': '10.45092'}
房间 2 的空调状态是：{'temperature': 27.449999999999992, 'status': 2, 'price': '0.5', 'targetTemp': 22.0, 'changeTemp': 0.5, 'currentPrice': '0.49980', 'totalPrice': '1.44942'}
房间 3 的空调状态是：{'temperature': 29.95, 'status': 4, 'price': '0.333', 'targetTemp': 24.0, 'changeTemp': 0.333, 'currentPrice': '0', 'totalPrice': '1.44942'}
房间 4 的空调状态是：{'temperature': 22.299999999999905, 'status': 3, 'price': '1', 'targetTemp': 18.0, 'changeTemp': 1.0, 'currentPrice': '1.00020', 'totalPrice': '5.70000'}
房间 5 的空调状态是：{'temperature': 28.350000000000108, 'status': 1, 'price': '0.333', 'targetTemp': 22.0, 'changeTemp': 0.333, 'currentPrice': '0', 'totalPrice': '7.64982'}
2024-05-17 04:05:39.005000
2024-05-17 04:06:39.005000


第 15 分钟
房间 1 的空调状态是：{'temperature': 22.549999999999866, 'status': 0, 'price': '0', 'targetTemp': 32.0, 'changeTemp': 0.5, 'currentPrice': '0', 'totalPrice': '10.45092'}
房间 2 的空调状态是：{'temperature': 26.999999999999986, 'status': 2, 'price': '0.5', 'targetTemp': 22.0, 'changeTemp': 0.5, 'currentPrice': '0', 'totalPrice': '2.39904'}
房间 3 的空调状态是：{'temperature': 29.95, 'status': 4, 'price': '0.333', 'targetTemp': 24.0, 'changeTemp': 0.333, 'currentPrice': '0', 'totalPrice': '1.44942'}
房间 4 的空调状态是：{'temperature': 21.399999999999892, 'status': 3, 'price': '1', 'targetTemp': 18.0, 'changeTemp': 1.0, 'currentPrice': '0', 'totalPrice': '7.60038'}
房间 5 的空调状态是：{'temperature': 28.017000000000102, 'status': 3, 'price': '1', 'targetTemp': 20.0, 'changeTemp': 1.0, 'currentPrice': '0', 'totalPrice': '7.98282'}
2024-05-17 04:06:39.005000
2024-05-17 04:07:39.005000


第 16 分钟
房间 1 的空调状态是：{'temperature': 23.049999999999873, 'status': 0, 'price': '0', 'targetTemp': 32.0, 'changeTemp': 0.5, 'currentPrice': '0', 'totalPrice': '10.45092'}
房间 2 的空调状态是：{'temperature': 26.54999999999998, 'status': 0, 'price': '0', 'targetTemp': 28.0, 'changeTemp': 0.5, 'currentPrice': '0', 'totalPrice': '2.89884'}
房间 3 的空调状态是：{'temperature': 29.9167, 'status': 1, 'price': '0.333', 'targetTemp': 24.0, 'changeTemp': 0.333, 'currentPrice': '0.03330', 'totalPrice': '1.44942'}
房间 4 的空调状态是：{'temperature': 20.299999999999876, 'status': 3, 'price': '1', 'targetTemp': 18.0, 'changeTemp': 1.0, 'currentPrice': '1.10022', 'totalPrice': '7.60038'}
房间 5 的空调状态是：{'temperature': 26.917000000000087, 'status': 3, 'price': '1', 'targetTemp': 20.0, 'changeTemp': 1.0, 'currentPrice': '1.10022', 'totalPrice': '7.98282'}
2024-05-17 04:07:39.005000
2024-05-17 04:08:39.005000


第 17 分钟
房间 1 的空调状态是：{'temperature': 23.54999999999988, 'status': 0, 'price': '0', 'targetTemp': 32.0, 'changeTemp': 0.5, 'currentPrice': '0', 'totalPrice': '10.45092'}
房间 2 的空调状态是：{'temperature': 26.999999999999986, 'status': 0, 'price': '0', 'targetTemp': 28.0, 'changeTemp': 0.5, 'currentPrice': '0', 'totalPrice': '2.89884'}
房间 3 的空调状态是：{'temperature': 29.616999999999994, 'status': 3, 'price': '1', 'targetTemp': 24.0, 'changeTemp': 1.0, 'currentPrice': '0', 'totalPrice': '1.78242'}
房间 4 的空调状态是：{'temperature': 19.399999999999864, 'status': 3, 'price': '1', 'targetTemp': 18.0, 'changeTemp': 1.0, 'currentPrice': '2.00040', 'totalPrice': '7.60038'}
房间 5 的空调状态是：{'temperature': 26.017000000000074, 'status': 3, 'price': '1', 'targetTemp': 20.0, 'changeTemp': 1.0, 'currentPrice': '2.00040', 'totalPrice': '7.98282'}
2024-05-17 04:08:39.005000
2024-05-17 04:09:39.005000


第 18 分钟
房间 1 的空调状态是：{'temperature': 24.049999999999887, 'status': 3, 'price': '1', 'targetTemp': 22.0, 'changeTemp': 1.0, 'currentPrice': '0', 'totalPrice': '10.45092'}
房间 2 的空调状态是：{'temperature': 27.499999999999993, 'status': 0, 'price': '0', 'targetTemp': 28.0, 'changeTemp': 0.5, 'currentPrice': '0', 'totalPrice': '2.89884'}
房间 3 的空调状态是：{'temperature': 28.61699999999998, 'status': 3, 'price': '1', 'targetTemp': 24.0, 'changeTemp': 1.0, 'currentPrice': '1.00020', 'totalPrice': '1.78242'}
房间 4 的空调状态是：{'temperature': 18.39999999999985, 'status': 4, 'price': '0.5', 'targetTemp': 20.0, 'changeTemp': 0.5, 'currentPrice': '0', 'totalPrice': '10.60098'}
房间 5 的空调状态是：{'temperature': 25.01700000000006, 'status': 3, 'price': '1', 'targetTemp': 20.0, 'changeTemp': 1.0, 'currentPrice': '3.00060', 'totalPrice': '7.98282'}
2024-05-17 04:09:39.005000
2024-05-17 04:10:39.005000


第 19 分钟
房间 1 的空调状态是：{'temperature': 23.049999999999873, 'status': 3, 'price': '1', 'targetTemp': 22.0, 'changeTemp': 1.0, 'currentPrice': '1.00020', 'totalPrice': '10.45092'}
房间 2 的空调状态是：{'temperature': 27.95, 'status': 4, 'price': '0.5', 'targetTemp': 22.0, 'changeTemp': 0.5, 'currentPrice': '0', 'totalPrice': '2.89884'}
房间 3 的空调状态是：{'temperature': 27.716999999999967, 'status': 3, 'price': '1', 'targetTemp': 24.0, 'changeTemp': 1.0, 'currentPrice': '0', 'totalPrice': '3.68280'}
房间 4 的空调状态是：{'temperature': 18.899999999999856, 'status': 4, 'price': '0.5', 'targetTemp': 20.0, 'changeTemp': 0.5, 'currentPrice': '0', 'totalPrice': '10.60098'}
房间 5 的空调状态是：{'temperature': 24.117000000000047, 'status': 3, 'price': '1', 'targetTemp': 20.0, 'changeTemp': 1.0, 'currentPrice': '0', 'totalPrice': '11.88360'}
2024-05-17 04:10:39.005000
2024-05-17 04:11:39.005000


第 20 分钟
房间 1 的空调状态是：{'temperature': 22.14999999999986, 'status': 3, 'price': '1', 'targetTemp': 22.0, 'changeTemp': 1.0, 'currentPrice': '0', 'totalPrice': '12.35130'}
房间 2 的空调状态是：{'temperature': 27.95, 'status': 4, 'price': '0.5', 'targetTemp': 22.0, 'changeTemp': 0.5, 'currentPrice': '0', 'totalPrice': '2.89884'}
房间 3 的空调状态是：{'temperature': 26.716999999999953, 'status': 3, 'price': '1', 'targetTemp': 24.0, 'changeTemp': 1.0, 'currentPrice': '1.00020', 'totalPrice': '3.68280'}
房间 4 的空调状态是：{'temperature': 19.399999999999864, 'status': 4, 'price': '0.5', 'targetTemp': 20.0, 'changeTemp': 0.5, 'currentPrice': '0', 'totalPrice': '10.60098'}
房间 5 的空调状态是：{'temperature': 23.117000000000033, 'status': 3, 'price': '1', 'targetTemp': 25.0, 'changeTemp': 1.0, 'currentPrice': '1.00020', 'totalPrice': '11.88360'}
2024-05-17 04:11:39.005000
2024-05-17 04:12:39.005000


第 21 分钟
房间 1 的空调状态是：{'temperature': 22.449999999999864, 'status': 5, 'price': '0', 'targetTemp': 22.0, 'changeTemp': 1.0, 'currentPrice': '0', 'totalPrice': '12.45132'}
房间 2 的空调状态是：{'temperature': 27.549999999999994, 'status': 4, 'price': '0.5', 'targetTemp': 22.0, 'changeTemp': 0.5, 'currentPrice': '0', 'totalPrice': '3.29868'}
房间 3 的空调状态是：{'temperature': 25.81699999999994, 'status': 3, 'price': '1', 'targetTemp': 24.0, 'changeTemp': 1.0, 'currentPrice': '0', 'totalPrice': '5.58318'}
房间 4 的空调状态是：{'temperature': 19.89999999999987, 'status': 2, 'price': '0.5', 'targetTemp': 20.0, 'changeTemp': 0.5, 'currentPrice': '0', 'totalPrice': '10.60098'}
房间 5 的空调状态是：{'temperature': 24.017000000000046, 'status': 3, 'price': '1', 'targetTemp': 25.0, 'changeTemp': 1.0, 'currentPrice': '0', 'totalPrice': '13.78398'}
2024-05-17 04:12:39.005000
2024-05-17 04:13:39.005000


第 22 分钟
房间 1 的空调状态是：{'temperature': 22.94999999999987, 'status': 5, 'price': '0', 'targetTemp': 22.0, 'changeTemp': 1.0, 'currentPrice': '0', 'totalPrice': '12.45132'}
房间 2 的空调状态是：{'temperature': 27.24999999999999, 'status': 2, 'price': '0.5', 'targetTemp': 22.0, 'changeTemp': 0.5, 'currentPrice': '0.39984', 'totalPrice': '3.29868'}
房间 3 的空调状态是：{'temperature': 24.816999999999926, 'status': 0, 'price': '0', 'targetTemp': 30.0, 'changeTemp': 0.5, 'currentPrice': '0', 'totalPrice': '6.58338'}
房间 4 的空调状态是：{'temperature': 20.349999999999877, 'status': 5, 'price': '0', 'targetTemp': 20.0, 'changeTemp': 0.5, 'currentPrice': '0', 'totalPrice': '10.65096'}
房间 5 的空调状态是：{'temperature': 24.91700000000006, 'status': 5, 'price': '0', 'targetTemp': 25.0, 'changeTemp': 1.0, 'currentPrice': '0', 'totalPrice': '14.68416'}
2024-05-17 04:13:39.005000
2024-05-17 04:14:39.005000


第 23 分钟
房间 1 的空调状态是：{'temperature': 22.399999999999864, 'status': 3, 'price': '1', 'targetTemp': 22.0, 'changeTemp': 1.0, 'currentPrice': '0.70014', 'totalPrice': '12.45132'}
房间 2 的空调状态是：{'temperature': 26.749999999999982, 'status': 2, 'price': '0.5', 'targetTemp': 22.0, 'changeTemp': 0.5, 'currentPrice': '0.89964', 'totalPrice': '3.29868'}
房间 3 的空调状态是：{'temperature': 25.316999999999933, 'status': 0, 'price': '0', 'targetTemp': 30.0, 'changeTemp': 0.5, 'currentPrice': '0', 'totalPrice': '6.58338'}
房间 4 的空调状态是：{'temperature': 20.849999999999884, 'status': 5, 'price': '0', 'targetTemp': 20.0, 'changeTemp': 0.5, 'currentPrice': '0', 'totalPrice': '10.65096'}
房间 5 的空调状态是：{'temperature': 25.417000000000066, 'status': 0, 'price': '0', 'targetTemp': 35.0, 'changeTemp': 0.5, 'currentPrice': '0', 'totalPrice': '14.68416'}
2024-05-17 04:14:39.005000
2024-05-17 04:15:39.005000


第 24 分钟
房间 1 的空调状态是：{'temperature': 22.399999999999864, 'status': 0, 'price': '0', 'targetTemp': 32.0, 'changeTemp': 0.5, 'currentPrice': '0', 'totalPrice': '13.45152'}
房间 2 的空调状态是：{'temperature': 26.249999999999975, 'status': 2, 'price': '0.5', 'targetTemp': 22.0, 'changeTemp': 0.5, 'currentPrice': '1.39944', 'totalPrice': '3.29868'}
房间 3 的空调状态是：{'temperature': 25.81699999999994, 'status': 0, 'price': '0', 'targetTemp': 30.0, 'changeTemp': 0.5, 'currentPrice': '0', 'totalPrice': '6.58338'}
房间 4 的空调状态是：{'temperature': 20.849999999999884, 'status': 2, 'price': '0.5', 'targetTemp': 20.0, 'changeTemp': 0.5, 'currentPrice': '0.24990', 'totalPrice': '10.65096'}
房间 5 的空调状态是：{'temperature': 25.917000000000073, 'status': 0, 'price': '0', 'targetTemp': 35.0, 'changeTemp': 0.5, 'currentPrice': '0', 'totalPrice': '14.68416'}
2024-05-17 04:15:39.005000
2024-05-17 04:16:39.005000


第 25 分钟
房间 1 的空调状态是：{'temperature': 22.89999999999987, 'status': 0, 'price': '0', 'targetTemp': 32.0, 'changeTemp': 0.5, 'currentPrice': '0', 'totalPrice': '13.45152'}
房间 2 的空调状态是：{'temperature': 25.749999999999968, 'status': 0, 'price': '0', 'targetTemp': 28.0, 'changeTemp': 0.5, 'currentPrice': '0', 'totalPrice': '5.19792'}
房间 3 的空调状态是：{'temperature': 26.316999999999947, 'status': 0, 'price': '0', 'targetTemp': 30.0, 'changeTemp': 0.5, 'currentPrice': '0', 'totalPrice': '6.58338'}
房间 4 的空调状态是：{'temperature': 20.349999999999877, 'status': 0, 'price': '0', 'targetTemp': 29.0, 'changeTemp': 0.5, 'currentPrice': '0', 'totalPrice': '11.40066'}
房间 5 的空调状态是：{'temperature': 26.41700000000008, 'status': 0, 'price': '0', 'targetTemp': 35.0, 'changeTemp': 0.5, 'currentPrice': '0', 'totalPrice': '14.68416'}