开始测试
第 0 分钟
房间1登录成功
房间2登录成功
房间3登录成功
房间4登录成功
房间5登录成功
房间 1 的空调状态是：{'temperature': 32.0, 'status': 2, 'price': '0.5', 'targetTemp': 25.0, 'changeTemp': 0.5, 'currentPrice': '0', 'totalPrice': '0'}
房间 2 的空调状态是：{'temperature': 28.0, 'status': 0, 'price': '0', 'targetTemp': 28.0, 'changeTemp': 0.5, 'currentPrice': '0', 'totalPrice': '0'}
房间 3 的空调状态是：{'temperature': 30.0, 'status': 0, 'price': '0', 'targetTemp': 30.0, 'changeTemp': 0.5, 'currentPrice': '0', 'totalPrice': '0'}
房间 4 的空调状态是：{'temperature': 29.0, 'status': 0, 'price': '0', 'targetTemp': 29.0, 'changeTemp': 0.5, 'currentPrice': '0', 'totalPrice': '0'}
房间 5 的空调状态是：{'temperature': 35.0, 'status': 0, 'price': '0', 'targetTemp': 35.0, 'changeTemp': 0.5, 'currentPrice': '0', 'totalPrice': '0'}
2024-05-17 12:38:36.460000
2024-05-17 12:39:36.460000


第 1 分钟
房间 1 的空调状态是：{'temperature': 31.50000000000003, 'status': 2, 'price': '0.5', 'targetTemp': 18.0, 'changeTemp': 0.5, 'currentPrice': '0.49980', 'totalPrice': '0'}
房间 2 的空调状态是：{'temperature': 28.0, 'status': 2, 'price': '0.5', 'targetTemp': 25.0, 'changeTemp': 0.5, 'currentPrice': '0', 'totalPrice': '0'}
房间 3 的空调状态是：{'temperature': 30.0, 'status': 0, 'price': '0', 'targetTemp': 30.0, 'changeTemp': 0.5, 'currentPrice': '0', 'totalPrice': '0'}
房间 4 的空调状态是：{'temperature': 29.0, 'status': 0, 'price': '0', 'targetTemp': 29.0, 'changeTemp': 0.5, 'currentPrice': '0', 'totalPrice': '0'}
房间 5 的空调状态是：{'temperature': 35.0, 'status': 2, 'price': '0.5', 'targetTemp': 25.0, 'changeTemp': 0.5, 'currentPrice': '0', 'totalPrice': '0'}
2024-05-17 12:39:36.460000
2024-05-17 12:40:36.460000


第 2 分钟
房间 1 的空调状态是：{'temperature': 31.000000000000057, 'status': 2, 'price': '0.5', 'targetTemp': 18.0, 'changeTemp': 0.5, 'currentPrice': '0.99960', 'totalPrice': '0'}
房间 2 的空调状态是：{'temperature': 27.50000000000003, 'status': 2, 'price': '0.5', 'targetTemp': 25.0, 'changeTemp': 0.5, 'currentPrice': '0.49980', 'totalPrice': '0'}
房间 3 的空调状态是：{'temperature': 30.0, 'status': 4, 'price': '0.5', 'targetTemp': 25.0, 'changeTemp': 0.5, 'currentPrice': '0', 'totalPrice': '0'}
房间 4 的空调状态是：{'temperature': 29.0, 'status': 0, 'price': '0', 'targetTemp': 29.0, 'changeTemp': 0.5, 'currentPrice': '0', 'totalPrice': '0'}
房间 5 的空调状态是：{'temperature': 34.50000000000003, 'status': 2, 'price': '0.5', 'targetTemp': 25.0, 'changeTemp': 0.5, 'currentPrice': '0.49980', 'totalPrice': '0'}
2024-05-17 12:40:36.460000
2024-05-17 12:41:36.460000


第 3 分钟
房间 1 的空调状态是：{'temperature': 30.500000000000085, 'status': 2, 'price': '0.5', 'targetTemp': 18.0, 'changeTemp': 0.5, 'currentPrice': '1.49940', 'totalPrice': '0'}
房间 2 的空调状态是：{'temperature': 27.025000000000055, 'status': 4, 'price': '0.5', 'targetTemp': 19.0, 'changeTemp': 0.5, 'currentPrice': '0', 'totalPrice': '0.97461'}
房间 3 的空调状态是：{'temperature': 30.0, 'status': 2, 'price': '0.5', 'targetTemp': 25.0, 'changeTemp': 0.5, 'currentPrice': '0', 'totalPrice': '0'}
房间 4 的空调状态是：{'temperature': 29.0, 'status': 4, 'price': '0.5', 'targetTemp': 25.0, 'changeTemp': 0.5, 'currentPrice': '0', 'totalPrice': '0'}
房间 5 的空调状态是：{'temperature': 34.025000000000055, 'status': 2, 'price': '0.5', 'targetTemp': 25.0, 'changeTemp': 0.5, 'currentPrice': '0', 'totalPrice': '0.97461'}
2024-05-17 12:41:36.460000
2024-05-17 12:42:36.460000


第 4 分钟
房间 1 的空调状态是：{'temperature': 30.025000000000112, 'status': 0, 'price': '0', 'targetTemp': 32.0, 'changeTemp': 0.5, 'currentPrice': '0', 'totalPrice': '1.97421'}
房间 2 的空调状态是：{'temperature': 27.525000000000027, 'status': 2, 'price': '0.5', 'targetTemp': 19.0, 'changeTemp': 0.5, 'currentPrice': '0', 'totalPrice': '0.97461'}
房间 3 的空调状态是：{'temperature': 29.50000000000003, 'status': 2, 'price': '0.5', 'targetTemp': 25.0, 'changeTemp': 0.5, 'currentPrice': '0.49980', 'totalPrice': '0'}
房间 4 的空调状态是：{'temperature': 29.0, 'status': 4, 'price': '0.5', 'targetTemp': 25.0, 'changeTemp': 0.5, 'currentPrice': '0', 'totalPrice': '0'}
房间 5 的空调状态是：{'temperature': 33.525000000000084, 'status': 2, 'price': '0.5', 'targetTemp': 22.0, 'changeTemp': 0.5, 'currentPrice': '0.49980', 'totalPrice': '0.97461'}
2024-05-17 12:42:36.460000
2024-05-17 12:43:36.460000


第 5 分钟
房间 1 的空调状态是：{'temperature': 30.500000000000085, 'status': 3, 'price': '1', 'targetTemp': 18.0, 'changeTemp': 1.0, 'currentPrice': '0', 'totalPrice': '1.99920'}
房间 2 的空调状态是：{'temperature': 27.000000000000057, 'status': 4, 'price': '0.5', 'targetTemp': 19.0, 'changeTemp': 0.5, 'currentPrice': '0', 'totalPrice': '1.49940'}
房间 3 的空调状态是：{'temperature': 29.050000000000054, 'status': 0, 'price': '0', 'targetTemp': 30.0, 'changeTemp': 0.5, 'currentPrice': '0', 'totalPrice': '0.97461'}
房间 4 的空调状态是：{'temperature': 28.975, 'status': 2, 'price': '0.5', 'targetTemp': 25.0, 'changeTemp': 0.5, 'currentPrice': '0.02499', 'totalPrice': '0'}
房间 5 的空调状态是：{'temperature': 33.07500000000011, 'status': 2, 'price': '0.5', 'targetTemp': 22.0, 'changeTemp': 0.5, 'currentPrice': '0', 'totalPrice': '1.94922'}
2024-05-17 12:43:36.460000
2024-05-17 12:44:36.460000


第 6 分钟
房间 1 的空调状态是：{'temperature': 29.55000000000007, 'status': 3, 'price': '1', 'targetTemp': 18.0, 'changeTemp': 1.0, 'currentPrice': '0.95019', 'totalPrice': '1.99920'}
房间 2 的空调状态是：{'temperature': 27.47500000000003, 'status': 0, 'price': '0', 'targetTemp': 28.0, 'changeTemp': 0.5, 'currentPrice': '0', 'totalPrice': '1.49940'}
房间 3 的空调状态是：{'temperature': 29.525000000000027, 'status': 0, 'price': '0', 'targetTemp': 30.0, 'changeTemp': 0.5, 'currentPrice': '0', 'totalPrice': '0.97461'}
房间 4 的空调状态是：{'temperature': 28.50000000000003, 'status': 2, 'price': '0.5', 'targetTemp': 25.0, 'changeTemp': 0.5, 'currentPrice': '0.49980', 'totalPrice': '0'}
房间 5 的空调状态是：{'temperature': 32.600000000000136, 'status': 2, 'price': '0.5', 'targetTemp': 22.0, 'changeTemp': 0.5, 'currentPrice': '0.47481', 'totalPrice': '1.94922'}
2024-05-17 12:44:36.460000
2024-05-17 12:45:36.460000


第 7 分钟
房间 1 的空调状态是：{'temperature': 28.550000000000058, 'status': 3, 'price': '1', 'targetTemp': 18.0, 'changeTemp': 1.0, 'currentPrice': '1.95039', 'totalPrice': '1.99920'}
房间 2 的空调状态是：{'temperature': 27.900000000000006, 'status': 4, 'price': '0.5', 'targetTemp': 19.0, 'changeTemp': 0.5, 'currentPrice': '0', 'totalPrice': '1.49940'}
房间 3 的空调状态是：{'temperature': 29.900000000000006, 'status': 4, 'price': '0.5', 'targetTemp': 25.0, 'changeTemp': 0.5, 'currentPrice': '0', 'totalPrice': '0.97461'}
房间 4 的空调状态是：{'temperature': 28.025000000000055, 'status': 2, 'price': '0.5', 'targetTemp': 25.0, 'changeTemp': 0.5, 'currentPrice': '0', 'totalPrice': '0.97461'}
房间 5 的空调状态是：{'temperature': 32.100000000000165, 'status': 3, 'price': '1', 'targetTemp': 22.0, 'changeTemp': 1.0, 'currentPrice': '0', 'totalPrice': '2.92383'}
2024-05-17 12:45:36.460000
2024-05-17 12:46:36.460000


第 8 分钟
房间 1 的空调状态是：{'temperature': 27.600000000000044, 'status': 3, 'price': '1', 'targetTemp': 18.0, 'changeTemp': 1.0, 'currentPrice': '0.95019', 'totalPrice': '3.94959'}
房间 2 的空调状态是：{'temperature': 27.425000000000033, 'status': 2, 'price': '0.5', 'targetTemp': 19.0, 'changeTemp': 0.5, 'currentPrice': '0.47481', 'totalPrice': '1.49940'}
房间 3 的空调状态是：{'temperature': 29.900000000000006, 'status': 4, 'price': '0.5', 'targetTemp': 25.0, 'changeTemp': 0.5, 'currentPrice': '0', 'totalPrice': '0.97461'}
房间 4 的空调状态是：{'temperature': 28.47500000000003, 'status': 4, 'price': '0.5', 'targetTemp': 25.0, 'changeTemp': 0.5, 'currentPrice': '0', 'totalPrice': '0.99960'}
房间 5 的空调状态是：{'temperature': 31.100000000000158, 'status': 3, 'price': '1', 'targetTemp': 22.0, 'changeTemp': 1.0, 'currentPrice': '1.00020', 'totalPrice': '2.92383'}
2024-05-17 12:46:36.460000
2024-05-17 12:47:36.460000


第 9 分钟
房间 1 的空调状态是：{'temperature': 26.60000000000003, 'status': 3, 'price': '1', 'targetTemp': 22.0, 'changeTemp': 1.0, 'currentPrice': '1.95039', 'totalPrice': '3.94959'}
房间 2 的空调状态是：{'temperature': 26.92500000000006, 'status': 4, 'price': '0.5', 'targetTemp': 19.0, 'changeTemp': 0.5, 'currentPrice': '0', 'totalPrice': '2.47401'}
房间 3 的空调状态是：{'temperature': 29.900000000000006, 'status': 4, 'price': '0.5', 'targetTemp': 25.0, 'changeTemp': 0.5, 'currentPrice': '0', 'totalPrice': '0.97461'}
房间 4 的空调状态是：{'temperature': 28.850000000000005, 'status': 3, 'price': '1', 'targetTemp': 18.0, 'changeTemp': 1.0, 'currentPrice': '0.05001', 'totalPrice': '0.99960'}
房间 5 的空调状态是：{'temperature': 30.100000000000144, 'status': 3, 'price': '1', 'targetTemp': 22.0, 'changeTemp': 1.0, 'currentPrice': '0.05001', 'totalPrice': '4.87422'}
2024-05-17 12:47:36.460000
2024-05-17 12:48:36.460000


第 10 分钟
房间 1 的空调状态是：{'temperature': 25.650000000000016, 'status': 3, 'price': '1', 'targetTemp': 22.0, 'changeTemp': 1.0, 'currentPrice': '0.95019', 'totalPrice': '5.89998'}
房间 2 的空调状态是：{'temperature': 27.425000000000033, 'status': 4, 'price': '0.5', 'targetTemp': 19.0, 'changeTemp': 0.5, 'currentPrice': '0', 'totalPrice': '2.47401'}
房间 3 的空调状态是：{'temperature': 29.900000000000006, 'status': 4, 'price': '0.5', 'targetTemp': 25.0, 'changeTemp': 0.5, 'currentPrice': '0', 'totalPrice': '0.97461'}
房间 4 的空调状态是：{'temperature': 27.89999999999999, 'status': 3, 'price': '1', 'targetTemp': 18.0, 'changeTemp': 1.0, 'currentPrice': '1.00020', 'totalPrice': '0.99960'}
房间 5 的空调状态是：{'temperature': 29.15000000000013, 'status': 3, 'price': '1', 'targetTemp': 22.0, 'changeTemp': 1.0, 'currentPrice': '1.00020', 'totalPrice': '4.87422'}
2024-05-17 12:48:36.460000
2024-05-17 12:49:36.460000


第 11 分钟
房间 1 的空调状态是：{'temperature': 24.650000000000002, 'status': 3, 'price': '1', 'targetTemp': 22.0, 'changeTemp': 1.0, 'currentPrice': '1.95039', 'totalPrice': '5.89998'}
房间 2 的空调状态是：{'temperature': 27.900000000000006, 'status': 2, 'price': '0.5', 'targetTemp': 22.0, 'changeTemp': 0.5, 'currentPrice': '0', 'totalPrice': '2.47401'}
房间 3 的空调状态是：{'temperature': 29.900000000000006, 'status': 2, 'price': '0.5', 'targetTemp': 25.0, 'changeTemp': 0.5, 'currentPrice': '0', 'totalPrice': '0.97461'}
房间 4 的空调状态是：{'temperature': 26.949999999999978, 'status': 3, 'price': '1', 'targetTemp': 18.0, 'changeTemp': 1.0, 'currentPrice': '0', 'totalPrice': '2.94999'}
房间 5 的空调状态是：{'temperature': 28.200000000000117, 'status': 0, 'price': '0', 'targetTemp': 35.0, 'changeTemp': 0.5, 'currentPrice': '0', 'totalPrice': '6.82461'}
2024-05-17 12:49:36.460000
2024-05-17 12:50:36.460000


第 12 分钟
房间 1 的空调状态是：{'temperature': 23.649999999999988, 'status': 3, 'price': '1', 'targetTemp': 22.0, 'changeTemp': 1.0, 'currentPrice': '2.95059', 'totalPrice': '5.89998'}
房间 2 的空调状态是：{'temperature': 27.400000000000034, 'status': 2, 'price': '0.5', 'targetTemp': 22.0, 'changeTemp': 0.5, 'currentPrice': '0.49980', 'totalPrice': '2.47401'}
房间 3 的空调状态是：{'temperature': 29.400000000000034, 'status': 2, 'price': '0.5', 'targetTemp': 25.0, 'changeTemp': 0.5, 'currentPrice': '0.49980', 'totalPrice': '0.97461'}
房间 4 的空调状态是：{'temperature': 25.949999999999964, 'status': 3, 'price': '1', 'targetTemp': 18.0, 'changeTemp': 1.0, 'currentPrice': '1.00020', 'totalPrice': '2.94999'}
房间 5 的空调状态是：{'temperature': 28.700000000000088, 'status': 4, 'price': '0.333', 'targetTemp': 22.0, 'changeTemp': 0.333, 'currentPrice': '0', 'totalPrice': '6.82461'}
2024-05-17 12:50:36.460000
2024-05-17 12:51:36.460000


第 13 分钟
房间 1 的空调状态是：{'temperature': 22.649999999999974, 'status': 3, 'price': '1', 'targetTemp': 22.0, 'changeTemp': 1.0, 'currentPrice': '3.95079', 'totalPrice': '5.89998'}
房间 2 的空调状态是：{'temperature': 26.92500000000006, 'status': 2, 'price': '0.5', 'targetTemp': 22.0, 'changeTemp': 0.5, 'currentPrice': '0', 'totalPrice': '3.44862'}
房间 3 的空调状态是：{'temperature': 28.92500000000006, 'status': 0, 'price': '0', 'targetTemp': 30.0, 'changeTemp': 0.5, 'currentPrice': '0', 'totalPrice': '1.94922'}
房间 4 的空调状态是：{'temperature': 24.99999999999995, 'status': 3, 'price': '1', 'targetTemp': 18.0, 'changeTemp': 1.0, 'currentPrice': '0', 'totalPrice': '4.90038'}
房间 5 的空调状态是：{'temperature': 29.20000000000006, 'status': 4, 'price': '0.333', 'targetTemp': 22.0, 'changeTemp': 0.333, 'currentPrice': '0', 'totalPrice': '6.82461'}
2024-05-17 12:51:36.460000
2024-05-17 12:52:36.460000


第 14 分钟
房间 1 的空调状态是：{'temperature': 22.274999999999956, 'status': 0, 'price': '0', 'targetTemp': 32.0, 'changeTemp': 0.5, 'currentPrice': '0', 'totalPrice': '10.40088'}
房间 2 的空调状态是：{'temperature': 26.42500000000009, 'status': 2, 'price': '0.5', 'targetTemp': 22.0, 'changeTemp': 0.5, 'currentPrice': '0.49980', 'totalPrice': '3.44862'}
房间 3 的空调状态是：{'temperature': 29.425000000000033, 'status': 4, 'price': '0.333', 'targetTemp': 24.0, 'changeTemp': 0.333, 'currentPrice': '0', 'totalPrice': '1.94922'}
房间 4 的空调状态是：{'temperature': 23.999999999999936, 'status': 3, 'price': '1', 'targetTemp': 18.0, 'changeTemp': 1.0, 'currentPrice': '1.00020', 'totalPrice': '4.90038'}
房间 5 的空调状态是：{'temperature': 29.40845000000005, 'status': 1, 'price': '0.333', 'targetTemp': 22.0, 'changeTemp': 0.333, 'currentPrice': '0.11655', 'totalPrice': '6.82461'}
2024-05-17 12:52:36.460000
2024-05-17 12:53:36.460000


第 15 分钟
房间 1 的空调状态是：{'temperature': 22.774999999999928, 'status': 0, 'price': '0', 'targetTemp': 32.0, 'changeTemp': 0.5, 'currentPrice': '0', 'totalPrice': '10.40088'}
房间 2 的空调状态是：{'temperature': 25.950000000000117, 'status': 2, 'price': '0.5', 'targetTemp': 22.0, 'changeTemp': 0.5, 'currentPrice': '0', 'totalPrice': '4.42323'}
房间 3 的空调状态是：{'temperature': 29.900000000000006, 'status': 4, 'price': '0.333', 'targetTemp': 24.0, 'changeTemp': 0.333, 'currentPrice': '0', 'totalPrice': '1.94922'}
房间 4 的空调状态是：{'temperature': 23.049999999999923, 'status': 3, 'price': '1', 'targetTemp': 18.0, 'changeTemp': 1.0, 'currentPrice': '0', 'totalPrice': '6.85077'}
房间 5 的空调状态是：{'temperature': 29.07545000000008, 'status': 3, 'price': '1', 'targetTemp': 20.0, 'changeTemp': 1.0, 'currentPrice': '0', 'totalPrice': '7.27416'}
2024-05-17 12:53:36.460000
2024-05-17 12:54:36.460000


第 16 分钟
房间 1 的空调状态是：{'temperature': 23.2749999999999, 'status': 0, 'price': '0', 'targetTemp': 32.0, 'changeTemp': 0.5, 'currentPrice': '0', 'totalPrice': '10.40088'}
房间 2 的空调状态是：{'temperature': 25.450000000000145, 'status': 0, 'price': '0', 'targetTemp': 28.0, 'changeTemp': 0.5, 'currentPrice': '0', 'totalPrice': '4.92303'}
房间 3 的空调状态是：{'temperature': 29.900000000000006, 'status': 1, 'price': '0.333', 'targetTemp': 24.0, 'changeTemp': 0.333, 'currentPrice': '0', 'totalPrice': '1.94922'}
房间 4 的空调状态是：{'temperature': 22.04999999999991, 'status': 3, 'price': '1', 'targetTemp': 18.0, 'changeTemp': 1.0, 'currentPrice': '1.00020', 'totalPrice': '6.85077'}
房间 5 的空调状态是：{'temperature': 28.075450000000068, 'status': 3, 'price': '1', 'targetTemp': 20.0, 'changeTemp': 1.0, 'currentPrice': '1.00020', 'totalPrice': '7.27416'}
2024-05-17 12:54:36.460000
2024-05-17 12:55:36.460000


第 17 分钟
房间 1 的空调状态是：{'temperature': 23.77499999999987, 'status': 0, 'price': '0', 'targetTemp': 32.0, 'changeTemp': 0.5, 'currentPrice': '0', 'totalPrice': '10.40088'}
房间 2 的空调状态是：{'temperature': 25.950000000000117, 'status': 0, 'price': '0', 'targetTemp': 28.0, 'changeTemp': 0.5, 'currentPrice': '0', 'totalPrice': '4.92303'}
房间 3 的空调状态是：{'temperature': 29.567000000000036, 'status': 3, 'price': '1', 'targetTemp': 24.0, 'changeTemp': 1.0, 'currentPrice': '0', 'totalPrice': '2.28222'}
房间 4 的空调状态是：{'temperature': 21.049999999999894, 'status': 3, 'price': '1', 'targetTemp': 18.0, 'changeTemp': 1.0, 'currentPrice': '2.00040', 'totalPrice': '6.85077'}
房间 5 的空调状态是：{'temperature': 27.075450000000053, 'status': 3, 'price': '1', 'targetTemp': 20.0, 'changeTemp': 1.0, 'currentPrice': '2.00040', 'totalPrice': '7.27416'}
2024-05-17 12:55:36.460000
2024-05-17 12:56:36.460000


第 18 分钟
房间 1 的空调状态是：{'temperature': 24.274999999999842, 'status': 3, 'price': '1', 'targetTemp': 22.0, 'changeTemp': 1.0, 'currentPrice': '0', 'totalPrice': '10.40088'}
房间 2 的空调状态是：{'temperature': 26.450000000000088, 'status': 0, 'price': '0', 'targetTemp': 28.0, 'changeTemp': 0.5, 'currentPrice': '0', 'totalPrice': '4.92303'}
房间 3 的空调状态是：{'temperature': 28.56700000000002, 'status': 3, 'price': '1', 'targetTemp': 24.0, 'changeTemp': 1.0, 'currentPrice': '1.00020', 'totalPrice': '2.28222'}
房间 4 的空调状态是：{'temperature': 20.04999999999988, 'status': 4, 'price': '0.5', 'targetTemp': 20.0, 'changeTemp': 0.5, 'currentPrice': '0', 'totalPrice': '9.85137'}
房间 5 的空调状态是：{'temperature': 26.07545000000004, 'status': 3, 'price': '1', 'targetTemp': 20.0, 'changeTemp': 1.0, 'currentPrice': '3.00060', 'totalPrice': '7.27416'}
2024-05-17 12:56:36.460000
2024-05-17 12:57:36.460000


第 19 分钟
房间 1 的空调状态是：{'temperature': 23.224999999999827, 'status': 3, 'price': '1', 'targetTemp': 22.0, 'changeTemp': 1.0, 'currentPrice': '1.05021', 'totalPrice': '10.40088'}
房间 2 的空调状态是：{'temperature': 26.97500000000006, 'status': 4, 'price': '0.5', 'targetTemp': 22.0, 'changeTemp': 0.5, 'currentPrice': '0', 'totalPrice': '4.92303'}
房间 3 的空调状态是：{'temperature': 27.567000000000007, 'status': 3, 'price': '1', 'targetTemp': 24.0, 'changeTemp': 1.0, 'currentPrice': '0.05001', 'totalPrice': '4.23261'}
房间 4 的空调状态是：{'temperature': 20.57499999999985, 'status': 4, 'price': '0.5', 'targetTemp': 20.0, 'changeTemp': 0.5, 'currentPrice': '0', 'totalPrice': '9.85137'}
房间 5 的空调状态是：{'temperature': 25.075450000000025, 'status': 3, 'price': '1', 'targetTemp': 20.0, 'changeTemp': 1.0, 'currentPrice': '0.05001', 'totalPrice': '11.22495'}
2024-05-17 12:57:39.460000
2024-05-17 12:58:39.460000


第 20 分钟
房间 1 的空调状态是：{'temperature': 22.274999999999814, 'status': 3, 'price': '1', 'targetTemp': 22.0, 'changeTemp': 1.0, 'currentPrice': '0.05001', 'totalPrice': '12.35127'}
房间 2 的空调状态是：{'temperature': 27.47500000000003, 'status': 4, 'price': '0.5', 'targetTemp': 22.0, 'changeTemp': 0.5, 'currentPrice': '0', 'totalPrice': '4.92303'}
房间 3 的空调状态是：{'temperature': 26.566999999999993, 'status': 3, 'price': '1', 'targetTemp': 24.0, 'changeTemp': 1.0, 'currentPrice': '1.05021', 'totalPrice': '4.23261'}
房间 4 的空调状态是：{'temperature': 21.07499999999982, 'status': 4, 'price': '0.5', 'targetTemp': 20.0, 'changeTemp': 0.5, 'currentPrice': '0', 'totalPrice': '9.85137'}
房间 5 的空调状态是：{'temperature': 24.07545000000001, 'status': 3, 'price': '1', 'targetTemp': 25.0, 'changeTemp': 1.0, 'currentPrice': '1.05021', 'totalPrice': '11.22495'}
2024-05-17 12:58:39.460000
2024-05-17 12:59:39.460000


第 21 分钟
房间 1 的空调状态是：{'temperature': 22.44999999999979, 'status': 5, 'price': '0', 'targetTemp': 22.0, 'changeTemp': 1.0, 'currentPrice': '0', 'totalPrice': '12.60132'}
房间 2 的空调状态是：{'temperature': 27.225000000000044, 'status': 2, 'price': '0.5', 'targetTemp': 22.0, 'changeTemp': 0.5, 'currentPrice': '0.37485', 'totalPrice': '4.92303'}
房间 3 的空调状态是：{'temperature': 25.56699999999998, 'status': 3, 'price': '1', 'targetTemp': 24.0, 'changeTemp': 1.0, 'currentPrice': '2.05041', 'totalPrice': '4.23261'}
房间 4 的空调状态是：{'temperature': 21.4749999999998, 'status': 2, 'price': '0.5', 'targetTemp': 20.0, 'changeTemp': 0.5, 'currentPrice': '0.04998', 'totalPrice': '9.85137'}
房间 5 的空调状态是：{'temperature': 24.97545000000002, 'status': 5, 'price': '0', 'targetTemp': 25.0, 'changeTemp': 1.0, 'currentPrice': '0', 'totalPrice': '13.12533'}
2024-05-17 12:59:39.460000
2024-05-17 13:00:39.460000


第 22 分钟
房间 1 的空调状态是：{'temperature': 22.94999999999976, 'status': 5, 'price': '0', 'targetTemp': 22.0, 'changeTemp': 1.0, 'currentPrice': '0', 'totalPrice': '12.60132'}
房间 2 的空调状态是：{'temperature': 26.725000000000072, 'status': 2, 'price': '0.5', 'targetTemp': 22.0, 'changeTemp': 0.5, 'currentPrice': '0.87465', 'totalPrice': '4.92303'}
房间 3 的空调状态是：{'temperature': 24.566999999999965, 'status': 0, 'price': '0', 'targetTemp': 30.0, 'changeTemp': 0.5, 'currentPrice': '0', 'totalPrice': '7.28322'}
房间 4 的空调状态是：{'temperature': 20.974999999999827, 'status': 2, 'price': '0.5', 'targetTemp': 20.0, 'changeTemp': 0.5, 'currentPrice': '0.54978', 'totalPrice': '9.85137'}
房间 5 的空调状态是：{'temperature': 25.47544999999999, 'status': 5, 'price': '0', 'targetTemp': 25.0, 'changeTemp': 1.0, 'currentPrice': '0', 'totalPrice': '13.12533'}
2024-05-17 13:00:39.460000
2024-05-17 13:01:39.460000


第 23 分钟
房间 1 的空调状态是：{'temperature': 23.449999999999733, 'status': 4, 'price': '1', 'targetTemp': 22.0, 'changeTemp': 1.0, 'currentPrice': '0', 'totalPrice': '12.60132'}
房间 2 的空调状态是：{'temperature': 26.2250000000001, 'status': 2, 'price': '0.5', 'targetTemp': 22.0, 'changeTemp': 0.5, 'currentPrice': '1.37445', 'totalPrice': '4.92303'}
房间 3 的空调状态是：{'temperature': 25.066999999999936, 'status': 0, 'price': '0', 'targetTemp': 30.0, 'changeTemp': 0.5, 'currentPrice': '0', 'totalPrice': '7.28322'}
房间 4 的空调状态是：{'temperature': 20.474999999999856, 'status': 2, 'price': '0.5', 'targetTemp': 20.0, 'changeTemp': 0.5, 'currentPrice': '1.04958', 'totalPrice': '9.85137'}
房间 5 的空调状态是：{'temperature': 25.975449999999963, 'status': 0, 'price': '0', 'targetTemp': 35.0, 'changeTemp': 0.5, 'currentPrice': '0', 'totalPrice': '13.12533'}
2024-05-17 13:01:39.460000
2024-05-17 13:02:39.460000


第 24 分钟
房间 1 的空调状态是：{'temperature': 23.949999999999704, 'status': 0, 'price': '0', 'targetTemp': 32.0, 'changeTemp': 0.5, 'currentPrice': '0', 'totalPrice': '12.60132'}
房间 2 的空调状态是：{'temperature': 25.72500000000013, 'status': 2, 'price': '0.5', 'targetTemp': 22.0, 'changeTemp': 0.5, 'currentPrice': '1.87425', 'totalPrice': '4.92303'}
房间 3 的空调状态是：{'temperature': 25.566999999999908, 'status': 0, 'price': '0', 'targetTemp': 30.0, 'changeTemp': 0.5, 'currentPrice': '0', 'totalPrice': '7.28322'}
房间 4 的空调状态是：{'temperature': 20.19999999999987, 'status': 5, 'price': '0', 'targetTemp': 20.0, 'changeTemp': 0.5, 'currentPrice': '0', 'totalPrice': '11.27580'}
房间 5 的空调状态是：{'temperature': 26.500449999999933, 'status': 0, 'price': '0', 'targetTemp': 35.0, 'changeTemp': 0.5, 'currentPrice': '0', 'totalPrice': '13.12533'}
2024-05-17 13:02:39.460000
2024-05-17 13:03:39.460000


第 25 分钟
房间 1 的空调状态是：{'temperature': 24.449999999999676, 'status': 0, 'price': '0', 'targetTemp': 32.0, 'changeTemp': 0.5, 'currentPrice': '0', 'totalPrice': '12.60132'}
房间 2 的空调状态是：{'temperature': 25.225000000000158, 'status': 0, 'price': '0', 'targetTemp': 28.0, 'changeTemp': 0.5, 'currentPrice': '0', 'totalPrice': '7.29708'}
房间 3 的空调状态是：{'temperature': 26.06699999999988, 'status': 0, 'price': '0', 'targetTemp': 30.0, 'changeTemp': 0.5, 'currentPrice': '0', 'totalPrice': '7.28322'}
房间 4 的空调状态是：{'temperature': 20.699999999999843, 'status': 0, 'price': '0', 'targetTemp': 29.0, 'changeTemp': 0.5, 'currentPrice': '0', 'totalPrice': '11.27580'}
房间 5 的空调状态是：{'temperature': 26.975449999999906, 'status': 0, 'price': '0', 'targetTemp': 35.0, 'changeTemp': 0.5, 'currentPrice': '0', 'totalPrice': '13.12533'}