开始测试
第 0 分钟
房间1登录成功
房间2登录成功
房间3登录成功
房间4登录成功
房间5登录成功
2024-05-17 14:04:19.016000
2024-05-17 14:05:19.016000


第 1 分钟
房间 1 的空调状态是：{'temperature': 10.0, 'status': 2, 'price': '0.5', 'targetTemp': 22.0, 'changeTemp': 0.5, 'currentPrice': '0', 'totalPrice': '0'}
房间 2 的空调状态是：{'temperature': 15.0, 'status': 0, 'price': '0', 'targetTemp': 15.0, 'changeTemp': 0.5, 'currentPrice': '0', 'totalPrice': '0'}
房间 3 的空调状态是：{'temperature': 18.0, 'status': 0, 'price': '0', 'targetTemp': 18.0, 'changeTemp': 0.5, 'currentPrice': '0', 'totalPrice': '0'}
房间 4 的空调状态是：{'temperature': 12.0, 'status': 0, 'price': '0', 'targetTemp': 12.0, 'changeTemp': 0.5, 'currentPrice': '0', 'totalPrice': '0'}
房间 5 的空调状态是：{'temperature': 14.0, 'status': 0, 'price': '0', 'targetTemp': 14.0, 'changeTemp': 0.5, 'currentPrice': '0', 'totalPrice': '0'}
2024-05-17 14:05:19.016000
2024-05-17 14:06:19.016000


第 2 分钟
房间 1 的空调状态是：{'temperature': 10.500000000000007, 'status': 2, 'price': '0.5', 'targetTemp': 24.0, 'changeTemp': 0.5, 'currentPrice': '0.49980', 'totalPrice': '0'}
房间 2 的空调状态是：{'temperature': 15.0, 'status': 2, 'price': '0.5', 'targetTemp': 22.0, 'changeTemp': 0.5, 'currentPrice': '0', 'totalPrice': '0'}
房间 3 的空调状态是：{'temperature': 18.0, 'status': 0, 'price': '0', 'targetTemp': 18.0, 'changeTemp': 0.5, 'currentPrice': '0', 'totalPrice': '0'}
房间 4 的空调状态是：{'temperature': 12.0, 'status': 0, 'price': '0', 'targetTemp': 12.0, 'changeTemp': 0.5, 'currentPrice': '0', 'totalPrice': '0'}
房间 5 的空调状态是：{'temperature': 14.0, 'status': 0, 'price': '0', 'targetTemp': 14.0, 'changeTemp': 0.5, 'currentPrice': '0', 'totalPrice': '0'}
2024-05-17 14:06:19.016000
2024-05-17 14:07:19.016000


第 3 分钟
房间 1 的空调状态是：{'temperature': 11.000000000000014, 'status': 2, 'price': '0.5', 'targetTemp': 24.0, 'changeTemp': 0.5, 'currentPrice': '0.99960', 'totalPrice': '0'}
房间 2 的空调状态是：{'temperature': 15.500000000000007, 'status': 2, 'price': '0.5', 'targetTemp': 22.0, 'changeTemp': 0.5, 'currentPrice': '0.49980', 'totalPrice': '0'}
房间 3 的空调状态是：{'temperature': 18.0, 'status': 2, 'price': '0.5', 'targetTemp': 22.0, 'changeTemp': 0.5, 'currentPrice': '0', 'totalPrice': '0'}
房间 4 的空调状态是：{'temperature': 12.0, 'status': 0, 'price': '0', 'targetTemp': 12.0, 'changeTemp': 0.5, 'currentPrice': '0', 'totalPrice': '0'}
房间 5 的空调状态是：{'temperature': 14.0, 'status': 0, 'price': '0', 'targetTemp': 14.0, 'changeTemp': 0.5, 'currentPrice': '0', 'totalPrice': '0'}
2024-05-17 14:07:19.016000
2024-05-17 14:08:19.016000


第 4 分钟
房间 1 的空调状态是：{'temperature': 11.500000000000021, 'status': 2, 'price': '0.5', 'targetTemp': 24.0, 'changeTemp': 0.5, 'currentPrice': '1.49940', 'totalPrice': '0'}
房间 2 的空调状态是：{'temperature': 16.000000000000014, 'status': 2, 'price': '0.5', 'targetTemp': 25.0, 'changeTemp': 0.5, 'currentPrice': '0.99960', 'totalPrice': '0'}
房间 3 的空调状态是：{'temperature': 18.49999999999997, 'status': 2, 'price': '0.5', 'targetTemp': 22.0, 'changeTemp': 0.5, 'currentPrice': '0.49980', 'totalPrice': '0'}
房间 4 的空调状态是：{'temperature': 12.0, 'status': 4, 'price': '0.5', 'targetTemp': 22.0, 'changeTemp': 0.5, 'currentPrice': '0', 'totalPrice': '0'}
房间 5 的空调状态是：{'temperature': 14.0, 'status': 4, 'price': '0.5', 'targetTemp': 22.0, 'changeTemp': 0.5, 'currentPrice': '0', 'totalPrice': '0'}
2024-05-17 14:08:19.016000
2024-05-17 14:09:19.016000


第 5 分钟
房间 1 的空调状态是：{'temperature': 11.950000000000028, 'status': 0, 'price': '0', 'targetTemp': 10.0, 'changeTemp': 0.5, 'currentPrice': '0', 'totalPrice': '1.97421'}
房间 2 的空调状态是：{'temperature': 16.474999999999987, 'status': 4, 'price': '0.5', 'targetTemp': 25.0, 'changeTemp': 0.5, 'currentPrice': '0', 'totalPrice': '1.49940'}
房间 3 的空调状态是：{'temperature': 18.999999999999943, 'status': 2, 'price': '0.5', 'targetTemp': 22.0, 'changeTemp': 0.5, 'currentPrice': '0.02499', 'totalPrice': '0.97461'}
房间 4 的空调状态是：{'temperature': 12.025, 'status': 2, 'price': '0.5', 'targetTemp': 22.0, 'changeTemp': 0.5, 'currentPrice': '0.02499', 'totalPrice': '0'}
房间 5 的空调状态是：{'temperature': 14.05, 'status': 3, 'price': '1', 'targetTemp': 22.0, 'changeTemp': 1.0, 'currentPrice': '0.05001', 'totalPrice': '0'}
2024-05-17 14:09:19.016000
2024-05-17 14:10:19.016000


第 6 分钟
房间 1 的空调状态是：{'temperature': 11.475000000000021, 'status': 3, 'price': '1', 'targetTemp': 24.0, 'changeTemp': 1.0, 'currentPrice': '0', 'totalPrice': '1.97421'}
房间 2 的空调状态是：{'temperature': 16.000000000000014, 'status': 4, 'price': '0.5', 'targetTemp': 25.0, 'changeTemp': 0.5, 'currentPrice': '0', 'totalPrice': '1.49940'}
房间 3 的空调状态是：{'temperature': 19.474999999999916, 'status': 2, 'price': '0.5', 'targetTemp': 22.0, 'changeTemp': 0.5, 'currentPrice': '0.49980', 'totalPrice': '0.97461'}
房间 4 的空调状态是：{'temperature': 12.500000000000007, 'status': 4, 'price': '0.5', 'targetTemp': 22.0, 'changeTemp': 0.5, 'currentPrice': '0', 'totalPrice': '0.49980'}
房间 5 的空调状态是：{'temperature': 15.000000000000014, 'status': 3, 'price': '1', 'targetTemp': 22.0, 'changeTemp': 1.0, 'currentPrice': '1.00020', 'totalPrice': '0'}
2024-05-17 14:10:19.016000
2024-05-17 14:11:19.016000


第 7 分钟
房间 1 的空调状态是：{'temperature': 12.475000000000035, 'status': 3, 'price': '1', 'targetTemp': 24.0, 'changeTemp': 1.0, 'currentPrice': '1.00020', 'totalPrice': '1.97421'}
房间 2 的空调状态是：{'temperature': 15.500000000000007, 'status': 4, 'price': '0.5', 'targetTemp': 25.0, 'changeTemp': 0.5, 'currentPrice': '0', 'totalPrice': '1.49940'}
房间 3 的空调状态是：{'temperature': 19.94999999999989, 'status': 0, 'price': '0', 'targetTemp': 18.0, 'changeTemp': 0.5, 'currentPrice': '0', 'totalPrice': '1.94922'}
房间 4 的空调状态是：{'temperature': 12.075000000000001, 'status': 2, 'price': '0.5', 'targetTemp': 22.0, 'changeTemp': 0.5, 'currentPrice': '0', 'totalPrice': '0.49980'}
房间 5 的空调状态是：{'temperature': 15.950000000000028, 'status': 3, 'price': '1', 'targetTemp': 22.0, 'changeTemp': 1.0, 'currentPrice': '0', 'totalPrice': '1.95039'}
2024-05-17 14:11:19.016000
2024-05-17 14:12:19.016000


第 8 分钟
房间 1 的空调状态是：{'temperature': 13.425000000000049, 'status': 3, 'price': '1', 'targetTemp': 24.0, 'changeTemp': 1.0, 'currentPrice': '0', 'totalPrice': '3.92460'}
房间 2 的空调状态是：{'temperature': 15.075000000000001, 'status': 4, 'price': '0.5', 'targetTemp': 25.0, 'changeTemp': 0.5, 'currentPrice': '0', 'totalPrice': '1.49940'}
房间 3 的空调状态是：{'temperature': 19.449999999999918, 'status': 2, 'price': '0.5', 'targetTemp': 22.0, 'changeTemp': 0.5, 'currentPrice': '0', 'totalPrice': '1.94922'}
房间 4 的空调状态是：{'temperature': 12.575000000000008, 'status': 4, 'price': '0.5', 'targetTemp': 22.0, 'changeTemp': 0.5, 'currentPrice': '0', 'totalPrice': '0.99960'}
房间 5 的空调状态是：{'temperature': 16.950000000000042, 'status': 3, 'price': '1', 'targetTemp': 24.0, 'changeTemp': 1.0, 'currentPrice': '1.00020', 'totalPrice': '1.95039'}
2024-05-17 14:12:19.016000
2024-05-17 14:13:19.016000


第 9 分钟
房间 1 的空调状态是：{'temperature': 14.425000000000063, 'status': 3, 'price': '1', 'targetTemp': 24.0, 'changeTemp': 1.0, 'currentPrice': '1.00020', 'totalPrice': '3.92460'}
房间 2 的空调状态是：{'temperature': 15.075000000000001, 'status': 2, 'price': '0.5', 'targetTemp': 25.0, 'changeTemp': 0.5, 'currentPrice': '0', 'totalPrice': '1.49940'}
房间 3 的空调状态是：{'temperature': 19.94999999999989, 'status': 4, 'price': '0.5', 'targetTemp': 22.0, 'changeTemp': 0.5, 'currentPrice': '0', 'totalPrice': '2.44902'}
房间 4 的空调状态是：{'temperature': 12.075000000000001, 'status': 4, 'price': '0.5', 'targetTemp': 22.0, 'changeTemp': 0.5, 'currentPrice': '0', 'totalPrice': '0.99960'}
房间 5 的空调状态是：{'temperature': 17.900000000000055, 'status': 3, 'price': '1', 'targetTemp': 24.0, 'changeTemp': 1.0, 'currentPrice': '0', 'totalPrice': '3.90078'}
2024-05-17 14:13:19.016000
2024-05-17 14:14:19.016000


第 10 分钟
房间 1 的空调状态是：{'temperature': 15.375000000000076, 'status': 3, 'price': '1', 'targetTemp': 24.0, 'changeTemp': 1.0, 'currentPrice': '0', 'totalPrice': '5.87499'}
房间 2 的空调状态是：{'temperature': 15.575000000000008, 'status': 4, 'price': '0.5', 'targetTemp': 25.0, 'changeTemp': 0.5, 'currentPrice': '0', 'totalPrice': '1.99920'}
房间 3 的空调状态是：{'temperature': 19.449999999999918, 'status': 4, 'price': '0.5', 'targetTemp': 22.0, 'changeTemp': 0.5, 'currentPrice': '0', 'totalPrice': '2.44902'}
房间 4 的空调状态是：{'temperature': 12.075000000000001, 'status': 2, 'price': '0.5', 'targetTemp': 22.0, 'changeTemp': 0.5, 'currentPrice': '0', 'totalPrice': '0.99960'}
房间 5 的空调状态是：{'temperature': 18.90000000000007, 'status': 3, 'price': '1', 'targetTemp': 24.0, 'changeTemp': 1.0, 'currentPrice': '1.00020', 'totalPrice': '3.90078'}
2024-05-17 14:14:19.016000
2024-05-17 14:15:19.016000


第 11 分钟
房间 1 的空调状态是：{'temperature': 16.37500000000009, 'status': 3, 'price': '1', 'targetTemp': 24.0, 'changeTemp': 1.0, 'currentPrice': '1.00020', 'totalPrice': '5.87499'}
房间 2 的空调状态是：{'temperature': 15.075000000000001, 'status': 4, 'price': '0.5', 'targetTemp': 25.0, 'changeTemp': 0.5, 'currentPrice': '0', 'totalPrice': '1.99920'}
房间 3 的空调状态是：{'temperature': 18.949999999999946, 'status': 2, 'price': '0.5', 'targetTemp': 22.0, 'changeTemp': 0.5, 'currentPrice': '0', 'totalPrice': '2.44902'}
房间 4 的空调状态是：{'temperature': 12.575000000000008, 'status': 4, 'price': '0.5', 'targetTemp': 22.0, 'changeTemp': 0.5, 'currentPrice': '0', 'totalPrice': '1.49940'}
房间 5 的空调状态是：{'temperature': 19.850000000000083, 'status': 3, 'price': '1', 'targetTemp': 24.0, 'changeTemp': 1.0, 'currentPrice': '0', 'totalPrice': '5.85117'}
2024-05-17 14:15:19.016000
2024-05-17 14:16:19.016000


第 12 分钟
房间 1 的空调状态是：{'temperature': 17.325000000000102, 'status': 3, 'price': '1', 'targetTemp': 24.0, 'changeTemp': 1.0, 'currentPrice': '0', 'totalPrice': '7.82538'}
房间 2 的空调状态是：{'temperature': 15.075000000000001, 'status': 2, 'price': '0.5', 'targetTemp': 25.0, 'changeTemp': 0.5, 'currentPrice': '0', 'totalPrice': '1.99920'}
房间 3 的空调状态是：{'temperature': 19.449999999999918, 'status': 4, 'price': '0.5', 'targetTemp': 22.0, 'changeTemp': 0.5, 'currentPrice': '0', 'totalPrice': '2.94882'}
房间 4 的空调状态是：{'temperature': 12.075000000000001, 'status': 2, 'price': '0.5', 'targetTemp': 22.0, 'changeTemp': 0.5, 'currentPrice': '0', 'totalPrice': '1.49940'}
房间 5 的空调状态是：{'temperature': 20.850000000000097, 'status': 4, 'price': '0.5', 'targetTemp': 24.0, 'changeTemp': 0.5, 'currentPrice': '0', 'totalPrice': '6.85137'}
2024-05-17 14:16:19.016000
2024-05-17 14:17:19.016000


第 13 分钟
房间 1 的空调状态是：{'temperature': 18.325000000000117, 'status': 3, 'price': '1', 'targetTemp': 24.0, 'changeTemp': 1.0, 'currentPrice': '1.00020', 'totalPrice': '7.82538'}
房间 2 的空调状态是：{'temperature': 15.575000000000008, 'status': 3, 'price': '1', 'targetTemp': 25.0, 'changeTemp': 1.0, 'currentPrice': '0', 'totalPrice': '2.49900'}
房间 3 的空调状态是：{'temperature': 18.949999999999946, 'status': 2, 'price': '0.5', 'targetTemp': 22.0, 'changeTemp': 0.5, 'currentPrice': '0', 'totalPrice': '2.94882'}
房间 4 的空调状态是：{'temperature': 12.575000000000008, 'status': 4, 'price': '0.5', 'targetTemp': 22.0, 'changeTemp': 0.5, 'currentPrice': '0', 'totalPrice': '1.99920'}
房间 5 的空调状态是：{'temperature': 20.350000000000126, 'status': 4, 'price': '0.5', 'targetTemp': 24.0, 'changeTemp': 0.5, 'currentPrice': '0', 'totalPrice': '6.85137'}
2024-05-17 14:17:19.016000
2024-05-17 14:18:19.016000


第 14 分钟
房间 1 的空调状态是：{'temperature': 19.27500000000013, 'status': 3, 'price': '1', 'targetTemp': 24.0, 'changeTemp': 1.0, 'currentPrice': '0', 'totalPrice': '9.77577'}
房间 2 的空调状态是：{'temperature': 16.57500000000002, 'status': 3, 'price': '1', 'targetTemp': 25.0, 'changeTemp': 1.0, 'currentPrice': '1.00020', 'totalPrice': '2.49900'}
房间 3 的空调状态是：{'temperature': 19.449999999999918, 'status': 4, 'price': '0.5', 'targetTemp': 22.0, 'changeTemp': 0.5, 'currentPrice': '0', 'totalPrice': '3.44862'}
房间 4 的空调状态是：{'temperature': 12.075000000000001, 'status': 4, 'price': '0.5', 'targetTemp': 22.0, 'changeTemp': 0.5, 'currentPrice': '0', 'totalPrice': '1.99920'}
房间 5 的空调状态是：{'temperature': 19.850000000000154, 'status': 2, 'price': '0.5', 'targetTemp': 24.0, 'changeTemp': 0.5, 'currentPrice': '0', 'totalPrice': '6.85137'}
2024-05-17 14:18:19.016000
2024-05-17 14:19:19.016000


第 15 分钟
房间 1 的空调状态是：{'temperature': 20.275000000000144, 'status': 0, 'price': '0', 'targetTemp': 10.0, 'changeTemp': 0.5, 'currentPrice': '0', 'totalPrice': '10.77597'}
房间 2 的空调状态是：{'temperature': 17.525000000000034, 'status': 3, 'price': '1', 'targetTemp': 25.0, 'changeTemp': 1.0, 'currentPrice': '0', 'totalPrice': '4.44939'}
房间 3 的空调状态是：{'temperature': 18.949999999999946, 'status': 4, 'price': '0.333', 'targetTemp': 22.0, 'changeTemp': 0.333, 'currentPrice': '0', 'totalPrice': '3.44862'}
房间 4 的空调状态是：{'temperature': 12.075000000000001, 'status': 2, 'price': '0.5', 'targetTemp': 22.0, 'changeTemp': 0.5, 'currentPrice': '0', 'totalPrice': '1.99920'}
房间 5 的空调状态是：{'temperature': 20.350000000000126, 'status': 2, 'price': '0.5', 'targetTemp': 24.0, 'changeTemp': 0.5, 'currentPrice': '0', 'totalPrice': '7.35117'}
2024-05-17 14:19:19.016000
2024-05-17 14:20:19.016000


第 16 分钟
房间 1 的空调状态是：{'temperature': 19.775000000000173, 'status': 0, 'price': '0', 'targetTemp': 10.0, 'changeTemp': 0.5, 'currentPrice': '0', 'totalPrice': '10.77597'}
房间 2 的空调状态是：{'temperature': 18.52500000000005, 'status': 3, 'price': '1', 'targetTemp': 25.0, 'changeTemp': 1.0, 'currentPrice': '1.00020', 'totalPrice': '4.44939'}
房间 3 的空调状态是：{'temperature': 18.449999999999974, 'status': 4, 'price': '0.333', 'targetTemp': 22.0, 'changeTemp': 0.333, 'currentPrice': '0', 'totalPrice': '3.44862'}
房间 4 的空调状态是：{'temperature': 12.575000000000008, 'status': 2, 'price': '0.5', 'targetTemp': 22.0, 'changeTemp': 0.5, 'currentPrice': '0.49980', 'totalPrice': '1.99920'}
房间 5 的空调状态是：{'temperature': 20.850000000000097, 'status': 2, 'price': '0.5', 'targetTemp': 24.0, 'changeTemp': 0.5, 'currentPrice': '0.49980', 'totalPrice': '7.35117'}
2024-05-17 14:20:19.016000
2024-05-17 14:21:19.016000


第 17 分钟
房间 1 的空调状态是：{'temperature': 19.2750000000002, 'status': 0, 'price': '0', 'targetTemp': 10.0, 'changeTemp': 0.5, 'currentPrice': '0', 'totalPrice': '10.77597'}
房间 2 的空调状态是：{'temperature': 19.475000000000062, 'status': 3, 'price': '1', 'targetTemp': 25.0, 'changeTemp': 1.0, 'currentPrice': '0', 'totalPrice': '6.39978'}
房间 3 的空调状态是：{'temperature': 18.099999999999994, 'status': 1, 'price': '0.333', 'targetTemp': 22.0, 'changeTemp': 0.333, 'currentPrice': '0', 'totalPrice': '3.44862'}
房间 4 的空调状态是：{'temperature': 13.050000000000015, 'status': 2, 'price': '0.5', 'targetTemp': 22.0, 'changeTemp': 0.5, 'currentPrice': '0', 'totalPrice': '2.97381'}
房间 5 的空调状态是：{'temperature': 21.32500000000007, 'status': 0, 'price': '0', 'targetTemp': 14.0, 'changeTemp': 0.5, 'currentPrice': '0', 'totalPrice': '8.32578'}
2024-05-17 14:21:19.016000
2024-05-17 14:22:19.016000


第 18 分钟
房间 1 的空调状态是：{'temperature': 18.77500000000023, 'status': 0, 'price': '0', 'targetTemp': 10.0, 'changeTemp': 0.5, 'currentPrice': '0', 'totalPrice': '10.77597'}
房间 2 的空调状态是：{'temperature': 20.475000000000076, 'status': 3, 'price': '1', 'targetTemp': 25.0, 'changeTemp': 1.0, 'currentPrice': '1.00020', 'totalPrice': '6.39978'}
房间 3 的空调状态是：{'temperature': 18.432999999999964, 'status': 3, 'price': '1', 'targetTemp': 22.0, 'changeTemp': 1.0, 'currentPrice': '0', 'totalPrice': '3.78162'}
房间 4 的空调状态是：{'temperature': 13.550000000000022, 'status': 2, 'price': '0.5', 'targetTemp': 22.0, 'changeTemp': 0.5, 'currentPrice': '0.49980', 'totalPrice': '2.97381'}
房间 5 的空调状态是：{'temperature': 20.8250000000001, 'status': 0, 'price': '0', 'targetTemp': 14.0, 'changeTemp': 0.5, 'currentPrice': '0', 'totalPrice': '8.32578'}
2024-05-17 14:22:19.016000
2024-05-17 14:23:19.016000


第 19 分钟
房间 1 的空调状态是：{'temperature': 18.275000000000258, 'status': 3, 'price': '1', 'targetTemp': 24.0, 'changeTemp': 1.0, 'currentPrice': '0', 'totalPrice': '10.77597'}
房间 2 的空调状态是：{'temperature': 21.47500000000009, 'status': 3, 'price': '1', 'targetTemp': 25.0, 'changeTemp': 1.0, 'currentPrice': '2.00040', 'totalPrice': '6.39978'}
房间 3 的空调状态是：{'temperature': 19.43299999999998, 'status': 3, 'price': '1', 'targetTemp': 22.0, 'changeTemp': 1.0, 'currentPrice': '1.00020', 'totalPrice': '3.78162'}
房间 4 的空调状态是：{'temperature': 14.05000000000003, 'status': 4, 'price': '0.5', 'targetTemp': 25.0, 'changeTemp': 0.5, 'currentPrice': '0', 'totalPrice': '3.97341'}
房间 5 的空调状态是：{'temperature': 20.325000000000127, 'status': 0, 'price': '0', 'targetTemp': 14.0, 'changeTemp': 0.5, 'currentPrice': '0', 'totalPrice': '8.32578'}
2024-05-17 14:23:19.016000
2024-05-17 14:24:19.016000


第 20 分钟
房间 1 的空调状态是：{'temperature': 19.275000000000272, 'status': 3, 'price': '1', 'targetTemp': 24.0, 'changeTemp': 1.0, 'currentPrice': '1.00020', 'totalPrice': '10.77597'}
房间 2 的空调状态是：{'temperature': 22.475000000000104, 'status': 3, 'price': '1', 'targetTemp': 25.0, 'changeTemp': 1.0, 'currentPrice': '3.00060', 'totalPrice': '6.39978'}
房间 3 的空调状态是：{'temperature': 20.382999999999992, 'status': 3, 'price': '1', 'targetTemp': 22.0, 'changeTemp': 1.0, 'currentPrice': '0', 'totalPrice': '5.73201'}
房间 4 的空调状态是：{'temperature': 13.550000000000022, 'status': 4, 'price': '0.5', 'targetTemp': 25.0, 'changeTemp': 0.5, 'currentPrice': '0', 'totalPrice': '3.97341'}
房间 5 的空调状态是：{'temperature': 19.825000000000156, 'status': 0, 'price': '0', 'targetTemp': 14.0, 'changeTemp': 0.5, 'currentPrice': '0', 'totalPrice': '8.32578'}
2024-05-17 14:24:19.016000
2024-05-17 14:25:19.016000


第 21 分钟
房间 1 的空调状态是：{'temperature': 20.225000000000286, 'status': 3, 'price': '1', 'targetTemp': 24.0, 'changeTemp': 1.0, 'currentPrice': '0', 'totalPrice': '12.72636'}
房间 2 的空调状态是：{'temperature': 23.425000000000118, 'status': 3, 'price': '1', 'targetTemp': 25.0, 'changeTemp': 1.0, 'currentPrice': '0', 'totalPrice': '10.35057'}
房间 3 的空调状态是：{'temperature': 21.383000000000006, 'status': 3, 'price': '1', 'targetTemp': 22.0, 'changeTemp': 1.0, 'currentPrice': '1.00020', 'totalPrice': '5.73201'}
房间 4 的空调状态是：{'temperature': 13.050000000000015, 'status': 4, 'price': '0.5', 'targetTemp': 25.0, 'changeTemp': 0.5, 'currentPrice': '0', 'totalPrice': '3.97341'}
房间 5 的空调状态是：{'temperature': 19.325000000000184, 'status': 4, 'price': '0.5', 'targetTemp': 24.0, 'changeTemp': 0.5, 'currentPrice': '0', 'totalPrice': '8.32578'}
2024-05-17 14:25:19.016000
2024-05-17 14:26:19.016000


第 22 分钟
房间 1 的空调状态是：{'temperature': 21.2750000000003, 'status': 3, 'price': '1', 'targetTemp': 24.0, 'changeTemp': 1.0, 'currentPrice': '1.05021', 'totalPrice': '12.72636'}
房间 2 的空调状态是：{'temperature': 24.475000000000133, 'status': 3, 'price': '1', 'targetTemp': 25.0, 'changeTemp': 1.0, 'currentPrice': '1.05021', 'totalPrice': '10.35057'}
房间 3 的空调状态是：{'temperature': 21.708000000000027, 'status': 5, 'price': '0', 'targetTemp': 22.0, 'changeTemp': 1.0, 'currentPrice': '0', 'totalPrice': '7.28232'}
房间 4 的空调状态是：{'temperature': 12.975000000000014, 'status': 2, 'price': '0.5', 'targetTemp': 25.0, 'changeTemp': 0.5, 'currentPrice': '0.22491', 'totalPrice': '3.97341'}
房间 5 的空调状态是：{'temperature': 18.800000000000214, 'status': 4, 'price': '0.5', 'targetTemp': 24.0, 'changeTemp': 0.5, 'currentPrice': '0', 'totalPrice': '8.32578'}
2024-05-17 14:26:19.016000
2024-05-17 14:27:19.016000


第 23 分钟
房间 1 的空调状态是：{'temperature': 22.225000000000314, 'status': 3, 'price': '1', 'targetTemp': 24.0, 'changeTemp': 1.0, 'currentPrice': '2.00040', 'totalPrice': '12.72636'}
房间 2 的空调状态是：{'temperature': 24.700000000000152, 'status': 5, 'price': '0', 'targetTemp': 25.0, 'changeTemp': 1.0, 'currentPrice': '0', 'totalPrice': '11.85087'}
房间 3 的空调状态是：{'temperature': 21.233000000000054, 'status': 5, 'price': '0', 'targetTemp': 22.0, 'changeTemp': 1.0, 'currentPrice': '0', 'totalPrice': '7.28232'}
房间 4 的空调状态是：{'temperature': 13.45000000000002, 'status': 2, 'price': '0.5', 'targetTemp': 25.0, 'changeTemp': 0.5, 'currentPrice': '0.69972', 'totalPrice': '3.97341'}
房间 5 的空调状态是：{'temperature': 18.775000000000215, 'status': 2, 'price': '0.5', 'targetTemp': 24.0, 'changeTemp': 0.5, 'currentPrice': '0.22491', 'totalPrice': '8.32578'}
2024-05-17 14:27:19.016000
2024-05-17 14:28:19.016000


第 24 分钟
房间 1 的空调状态是：{'temperature': 23.22500000000033, 'status': 3, 'price': '1', 'targetTemp': 24.0, 'changeTemp': 1.0, 'currentPrice': '3.00060', 'totalPrice': '12.72636'}
房间 2 的空调状态是：{'temperature': 24.20000000000018, 'status': 5, 'price': '0', 'targetTemp': 25.0, 'changeTemp': 1.0, 'currentPrice': '0', 'totalPrice': '11.85087'}
房间 3 的空调状态是：{'temperature': 21.408000000000076, 'status': 3, 'price': '1', 'targetTemp': 22.0, 'changeTemp': 1.0, 'currentPrice': '0.45009', 'totalPrice': '7.28232'}
房间 4 的空调状态是：{'temperature': 13.500000000000021, 'status': 4, 'price': '0.5', 'targetTemp': 25.0, 'changeTemp': 0.5, 'currentPrice': '0', 'totalPrice': '4.94802'}
房间 5 的空调状态是：{'temperature': 19.275000000000187, 'status': 2, 'price': '0.5', 'targetTemp': 24.0, 'changeTemp': 0.5, 'currentPrice': '0.72471', 'totalPrice': '8.32578'}
2024-05-17 14:28:19.016000
2024-05-17 14:29:19.016000


第 25 分钟
房间 1 的空调状态是：{'temperature': 23.800000000000345, 'status': 0, 'price': '0', 'targetTemp': 10.0, 'changeTemp': 0.5, 'currentPrice': '0', 'totalPrice': '16.42710'}
房间 2 的空调状态是：{'temperature': 24.450000000000202, 'status': 3, 'price': '1', 'targetTemp': 25.0, 'changeTemp': 1.0, 'currentPrice': '0.50010', 'totalPrice': '11.85087'}
房间 3 的空调状态是：{'temperature': 21.683000000000096, 'status': 0, 'price': '0', 'targetTemp': 18.0, 'changeTemp': 0.5, 'currentPrice': '0', 'totalPrice': '8.23251'}
房间 4 的空调状态是：{'temperature': 13.45000000000002, 'status': 2, 'price': '0.5', 'targetTemp': 25.0, 'changeTemp': 0.5, 'currentPrice': '0.22491', 'totalPrice': '4.94802'}
房间 5 的空调状态是：{'temperature': 19.525000000000173, 'status': 0, 'price': '0', 'targetTemp': 14.0, 'changeTemp': 0.5, 'currentPrice': '0', 'totalPrice': '9.42534'}
2024-05-17 14:29:19.016000
2024-05-17 14:30:19.016000


第 26 分钟
房间 1 的空调状态是：{'temperature': 23.300000000000374, 'status': 0, 'price': '0', 'targetTemp': 10.0, 'changeTemp': 0.5, 'currentPrice': '0', 'totalPrice': '16.42710'}
房间 2 的空调状态是：{'temperature': 24.650000000000222, 'status': 0, 'price': '0', 'targetTemp': 15.0, 'changeTemp': 0.5, 'currentPrice': '0', 'totalPrice': '12.80106'}
房间 3 的空调状态是：{'temperature': 21.183000000000124, 'status': 0, 'price': '0', 'targetTemp': 18.0, 'changeTemp': 0.5, 'currentPrice': '0', 'totalPrice': '8.23251'}
房间 4 的空调状态是：{'temperature': 13.950000000000028, 'status': 0, 'price': '0', 'targetTemp': 12.0, 'changeTemp': 0.5, 'currentPrice': '0', 'totalPrice': '5.67273'}
房间 5 的空调状态是：{'temperature': 19.0250000000002, 'status': 0, 'price': '0', 'targetTemp': 14.0, 'changeTemp': 0.5, 'currentPrice': '0', 'totalPrice': '9.42534'}
2024-05-17 14:30:19.016000
2024-05-17 14:31:19.016000